This is pdfTeX, Version 3.14159265-2.6-1.40.19 (MiKTeX 2.9.6840 64-bit) (preloaded format=pdflatex 2018.10.16)  16 OCT 2018 21:45
entering extended mode
**./otchet.tex
(otchet.tex
LaTeX2e <2018-04-01> patch level 5
(SCWorks.cls
(C:\Users\los_kotyara\AppData\Roaming\MiKTeX\2.9\tex\latex\extsizes\extarticle.
cls
Document Class: extarticle 1996/10/08 v1.0 Non Standard LaTeX document class
(C:\Users\los_kotyara\AppData\Roaming\MiKTeX\2.9\tex\latex\extsizes\size14.clo
File: size14.clo 1999/11/11 v1.4a NON-Standard LaTeX file (size option)
) ("C:\Program Files\MiKTeX 2.9\tex\latex\base\exscale.sty"
Package: exscale 2014/09/29 v2.1h Standard LaTeX package exscale
LaTeX Font Info:    Redeclaring symbol font `largesymbols' on input line 57.
LaTeX Font Info:    Overwriting symbol font `largesymbols' in version `normal'
(Font)                  OMX/cmex/m/n --> OMX/cmex/m/n on input line 57.
LaTeX Font Info:    Overwriting symbol font `largesymbols' in version `bold'
(Font)                  OMX/cmex/m/n --> OMX/cmex/m/n on input line 57.
\big@size=\dimen102
)
\c@part=\count80
\c@section=\count81
\c@subsection=\count82
\c@subsubsection=\count83
\c@paragraph=\count84
\c@subparagraph=\count85
\c@figure=\count86
\c@table=\count87
\abovecaptionskip=\skip41
\belowcaptionskip=\skip42
\bibindent=\dimen103
)
("C:\Program Files\MiKTeX 2.9\tex\latex\geometry\geometry.sty"
Package: geometry 2018/04/16 v5.8 Page Geometry

("C:\Program Files\MiKTeX 2.9\tex\latex\graphics\keyval.sty"
Package: keyval 2014/10/28 v1.15 key=value parser (DPC)
\KV@toks@=\toks14
)
("C:\Program Files\MiKTeX 2.9\tex\generic\oberdiek\ifpdf.sty"
Package: ifpdf 2018/09/07 v3.3 Provides the ifpdf switch
)
("C:\Program Files\MiKTeX 2.9\tex\generic\oberdiek\ifvtex.sty"
Package: ifvtex 2016/05/16 v1.6 Detect VTeX and its facilities (HO)
Package ifvtex Info: VTeX not detected.
)
("C:\Program Files\MiKTeX 2.9\tex\generic\ifxetex\ifxetex.sty"
Package: ifxetex 2010/09/12 v0.6 Provides ifxetex conditional
)
\Gm@cnth=\count88
\Gm@cntv=\count89
\c@Gm@tempcnt=\count90
\Gm@bindingoffset=\dimen104
\Gm@wd@mp=\dimen105
\Gm@odd@mp=\dimen106
\Gm@even@mp=\dimen107
\Gm@layoutwidth=\dimen108
\Gm@layoutheight=\dimen109
\Gm@layouthoffset=\dimen110
\Gm@layoutvoffset=\dimen111
\Gm@dimlist=\toks15

("C:\Program Files\MiKTeX 2.9\tex\latex\geometry\geometry.cfg"))
(C:\Users\los_kotyara\AppData\Roaming\MiKTeX\2.9\tex\latex\setspace\setspace.st
y
Package: setspace 2011/12/19 v6.7a set line spacing
) ("C:\Program Files\MiKTeX 2.9\tex\latex\tools\calc.sty"
Package: calc 2017/05/25 v4.3 Infix arithmetic (KKT,FJ)
\calc@Acount=\count91
\calc@Bcount=\count92
\calc@Adimen=\dimen112
\calc@Bdimen=\dimen113
\calc@Askip=\skip43
\calc@Bskip=\skip44
LaTeX Info: Redefining \setlength on input line 80.
LaTeX Info: Redefining \addtolength on input line 81.
\calc@Ccount=\count93
\calc@Cskip=\skip45
)
(C:\Users\los_kotyara\AppData\Roaming\MiKTeX\2.9\tex\latex\titlesec\titlesec.st
y
Package: titlesec 2016/03/21 v2.10.2 Sectioning titles
\ttl@box=\box26
\beforetitleunit=\skip46
\aftertitleunit=\skip47
\ttl@plus=\dimen114
\ttl@minus=\dimen115
\ttl@toksa=\toks16
\titlewidth=\dimen116
\titlewidthlast=\dimen117
\titlewidthfirst=\dimen118
)
(C:\Users\los_kotyara\AppData\Roaming\MiKTeX\2.9\tex\latex\titlesec\titletoc.st
y
Package: titletoc 2011/12/15 v1.6 TOC entries
\ttl@leftsep=\dimen119
)
(C:\Users\los_kotyara\AppData\Roaming\MiKTeX\2.9\tex\latex\caption\caption.sty
Package: caption 2018/10/06 v3.3-154 Customizing captions (AR)

(C:\Users\los_kotyara\AppData\Roaming\MiKTeX\2.9\tex\latex\caption\caption3.sty
Package: caption3 2018/09/12 v1.8c caption3 kernel (AR)
Package caption3 Info: TeX engine: e-TeX on input line 64.
\captionmargin=\dimen120
\captionmargin@=\dimen121
\captionwidth=\dimen122
\caption@tempdima=\dimen123
\caption@indent=\dimen124
\caption@parindent=\dimen125
\caption@hangindent=\dimen126
)
\c@caption@flags=\count94
\c@ContinuedFloat=\count95
)
(C:\Users\los_kotyara\AppData\Roaming\MiKTeX\2.9\tex\latex\enumitem\enumitem.st
y
Package: enumitem 2011/09/28 v3.5.2 Customized lists
\labelindent=\skip48
\enit@outerparindent=\dimen127
\enit@toks=\toks17
\enit@inbox=\box27
\enitdp@description=\count96
)
\tmp=\skip49

(C:\Users\los_kotyara\AppData\Roaming\MiKTeX\2.9\tex\latex\titlesec\block.tss
File: block.tss 2016/03/15
)) ("C:\Program Files\MiKTeX 2.9\tex\latex\base\fontenc.sty"
Package: fontenc 2017/04/05 v2.0i Standard LaTeX package

("C:\Program Files\MiKTeX 2.9\tex\latex\cyrillic\t2aenc.def"
File: t2aenc.def 2005/09/27 v1.0i Cyrillic encoding definition file
Now handling font encoding T2A ...
... processing UTF-8 mapping file for font encoding T2A

("C:\Program Files\MiKTeX 2.9\tex\latex\base\t2aenc.dfu"
File: t2aenc.dfu 2018/04/05 v1.2c UTF-8 support for inputenc
   defining Unicode char U+00A4 (decimal 164)
   defining Unicode char U+00A7 (decimal 167)
   defining Unicode char U+00AB (decimal 171)
   defining Unicode char U+00BB (decimal 187)
   defining Unicode char U+0131 (decimal 305)
   defining Unicode char U+0400 (decimal 1024)
   defining Unicode char U+0401 (decimal 1025)
   defining Unicode char U+0402 (decimal 1026)
   defining Unicode char U+0403 (decimal 1027)
   defining Unicode char U+0404 (decimal 1028)
   defining Unicode char U+0405 (decimal 1029)
   defining Unicode char U+0406 (decimal 1030)
   defining Unicode char U+0407 (decimal 1031)
   defining Unicode char U+0408 (decimal 1032)
   defining Unicode char U+0409 (decimal 1033)
   defining Unicode char U+040A (decimal 1034)
   defining Unicode char U+040B (decimal 1035)
   defining Unicode char U+040C (decimal 1036)
   defining Unicode char U+040D (decimal 1037)
   defining Unicode char U+040E (decimal 1038)
   defining Unicode char U+040F (decimal 1039)
   defining Unicode char U+0410 (decimal 1040)
   defining Unicode char U+0411 (decimal 1041)
   defining Unicode char U+0412 (decimal 1042)
   defining Unicode char U+0413 (decimal 1043)
   defining Unicode char U+0414 (decimal 1044)
   defining Unicode char U+0415 (decimal 1045)
   defining Unicode char U+0416 (decimal 1046)
   defining Unicode char U+0417 (decimal 1047)
   defining Unicode char U+0418 (decimal 1048)
   defining Unicode char U+0419 (decimal 1049)
   defining Unicode char U+041A (decimal 1050)
   defining Unicode char U+041B (decimal 1051)
   defining Unicode char U+041C (decimal 1052)
   defining Unicode char U+041D (decimal 1053)
   defining Unicode char U+041E (decimal 1054)
   defining Unicode char U+041F (decimal 1055)
   defining Unicode char U+0420 (decimal 1056)
   defining Unicode char U+0421 (decimal 1057)
   defining Unicode char U+0422 (decimal 1058)
   defining Unicode char U+0423 (decimal 1059)
   defining Unicode char U+0424 (decimal 1060)
   defining Unicode char U+0425 (decimal 1061)
   defining Unicode char U+0426 (decimal 1062)
   defining Unicode char U+0427 (decimal 1063)
   defining Unicode char U+0428 (decimal 1064)
   defining Unicode char U+0429 (decimal 1065)
   defining Unicode char U+042A (decimal 1066)
   defining Unicode char U+042B (decimal 1067)
   defining Unicode char U+042C (decimal 1068)
   defining Unicode char U+042D (decimal 1069)
   defining Unicode char U+042E (decimal 1070)
   defining Unicode char U+042F (decimal 1071)
   defining Unicode char U+0430 (decimal 1072)
   defining Unicode char U+0431 (decimal 1073)
   defining Unicode char U+0432 (decimal 1074)
   defining Unicode char U+0433 (decimal 1075)
   defining Unicode char U+0434 (decimal 1076)
   defining Unicode char U+0435 (decimal 1077)
   defining Unicode char U+0436 (decimal 1078)
   defining Unicode char U+0437 (decimal 1079)
   defining Unicode char U+0438 (decimal 1080)
   defining Unicode char U+0439 (decimal 1081)
   defining Unicode char U+043A (decimal 1082)
   defining Unicode char U+043B (decimal 1083)
   defining Unicode char U+043C (decimal 1084)
   defining Unicode char U+043D (decimal 1085)
   defining Unicode char U+043E (decimal 1086)
   defining Unicode char U+043F (decimal 1087)
   defining Unicode char U+0440 (decimal 1088)
   defining Unicode char U+0441 (decimal 1089)
   defining Unicode char U+0442 (decimal 1090)
   defining Unicode char U+0443 (decimal 1091)
   defining Unicode char U+0444 (decimal 1092)
   defining Unicode char U+0445 (decimal 1093)
   defining Unicode char U+0446 (decimal 1094)
   defining Unicode char U+0447 (decimal 1095)
   defining Unicode char U+0448 (decimal 1096)
   defining Unicode char U+0449 (decimal 1097)
   defining Unicode char U+044A (decimal 1098)
   defining Unicode char U+044B (decimal 1099)
   defining Unicode char U+044C (decimal 1100)
   defining Unicode char U+044D (decimal 1101)
   defining Unicode char U+044E (decimal 1102)
   defining Unicode char U+044F (decimal 1103)
   defining Unicode char U+0450 (decimal 1104)
   defining Unicode char U+0451 (decimal 1105)
   defining Unicode char U+0452 (decimal 1106)
   defining Unicode char U+0453 (decimal 1107)
   defining Unicode char U+0454 (decimal 1108)
   defining Unicode char U+0455 (decimal 1109)
   defining Unicode char U+0456 (decimal 1110)
   defining Unicode char U+0457 (decimal 1111)
   defining Unicode char U+0458 (decimal 1112)
   defining Unicode char U+0459 (decimal 1113)
   defining Unicode char U+045A (decimal 1114)
   defining Unicode char U+045B (decimal 1115)
   defining Unicode char U+045C (decimal 1116)
   defining Unicode char U+045D (decimal 1117)
   defining Unicode char U+045E (decimal 1118)
   defining Unicode char U+045F (decimal 1119)
   defining Unicode char U+0490 (decimal 1168)
   defining Unicode char U+0491 (decimal 1169)
   defining Unicode char U+0492 (decimal 1170)
   defining Unicode char U+0493 (decimal 1171)
   defining Unicode char U+0496 (decimal 1174)
   defining Unicode char U+0497 (decimal 1175)
   defining Unicode char U+0498 (decimal 1176)
   defining Unicode char U+0499 (decimal 1177)
   defining Unicode char U+049A (decimal 1178)
   defining Unicode char U+049B (decimal 1179)
   defining Unicode char U+049C (decimal 1180)
   defining Unicode char U+049D (decimal 1181)
   defining Unicode char U+04A0 (decimal 1184)
   defining Unicode char U+04A1 (decimal 1185)
   defining Unicode char U+04A2 (decimal 1186)
   defining Unicode char U+04A3 (decimal 1187)
   defining Unicode char U+04A4 (decimal 1188)
   defining Unicode char U+04A5 (decimal 1189)
   defining Unicode char U+04AA (decimal 1194)
   defining Unicode char U+04AB (decimal 1195)
   defining Unicode char U+04AE (decimal 1198)
   defining Unicode char U+04AF (decimal 1199)
   defining Unicode char U+04B0 (decimal 1200)
   defining Unicode char U+04B1 (decimal 1201)
   defining Unicode char U+04B2 (decimal 1202)
   defining Unicode char U+04B3 (decimal 1203)
   defining Unicode char U+04B6 (decimal 1206)
   defining Unicode char U+04B7 (decimal 1207)
   defining Unicode char U+04B8 (decimal 1208)
   defining Unicode char U+04B9 (decimal 1209)
   defining Unicode char U+04BA (decimal 1210)
   defining Unicode char U+04BB (decimal 1211)
   defining Unicode char U+04C0 (decimal 1216)
   defining Unicode char U+04C1 (decimal 1217)
   defining Unicode char U+04C2 (decimal 1218)
   defining Unicode char U+04D0 (decimal 1232)
   defining Unicode char U+04D1 (decimal 1233)
   defining Unicode char U+04D2 (decimal 1234)
   defining Unicode char U+04D3 (decimal 1235)
   defining Unicode char U+04D4 (decimal 1236)
   defining Unicode char U+04D5 (decimal 1237)
   defining Unicode char U+04D6 (decimal 1238)
   defining Unicode char U+04D7 (decimal 1239)
   defining Unicode char U+04D8 (decimal 1240)
   defining Unicode char U+04D9 (decimal 1241)
   defining Unicode char U+04DA (decimal 1242)
   defining Unicode char U+04DB (decimal 1243)
   defining Unicode char U+04DC (decimal 1244)
   defining Unicode char U+04DD (decimal 1245)
   defining Unicode char U+04DE (decimal 1246)
   defining Unicode char U+04DF (decimal 1247)
   defining Unicode char U+04E2 (decimal 1250)
   defining Unicode char U+04E3 (decimal 1251)
   defining Unicode char U+04E4 (decimal 1252)
   defining Unicode char U+04E5 (decimal 1253)
   defining Unicode char U+04E6 (decimal 1254)
   defining Unicode char U+04E7 (decimal 1255)
   defining Unicode char U+04E8 (decimal 1256)
   defining Unicode char U+04E9 (decimal 1257)
   defining Unicode char U+04EC (decimal 1260)
   defining Unicode char U+04ED (decimal 1261)
   defining Unicode char U+04EE (decimal 1262)
   defining Unicode char U+04EF (decimal 1263)
   defining Unicode char U+04F0 (decimal 1264)
   defining Unicode char U+04F1 (decimal 1265)
   defining Unicode char U+04F2 (decimal 1266)
   defining Unicode char U+04F3 (decimal 1267)
   defining Unicode char U+04F4 (decimal 1268)
   defining Unicode char U+04F5 (decimal 1269)
   defining Unicode char U+04F8 (decimal 1272)
   defining Unicode char U+04F9 (decimal 1273)
   defining Unicode char U+200C (decimal 8204)
   defining Unicode char U+2013 (decimal 8211)
   defining Unicode char U+2014 (decimal 8212)
   defining Unicode char U+2018 (decimal 8216)
   defining Unicode char U+2019 (decimal 8217)
   defining Unicode char U+201C (decimal 8220)
   defining Unicode char U+201D (decimal 8221)
   defining Unicode char U+201E (decimal 8222)
   defining Unicode char U+2030 (decimal 8240)
   defining Unicode char U+2031 (decimal 8241)
   defining Unicode char U+2116 (decimal 8470)
   defining Unicode char U+2329 (decimal 9001)
   defining Unicode char U+232A (decimal 9002)
   defining Unicode char U+2423 (decimal 9251)
))
LaTeX Font Info:    Try loading font information for T2A+cmr on input line 105.


("C:\Program Files\MiKTeX 2.9\tex\latex\cyrillic\t2acmr.fd"
File: t2acmr.fd 2001/08/11 v1.0a Computer Modern Cyrillic font definitions
))
("C:\Program Files\MiKTeX 2.9\tex\latex\base\inputenc.sty"
Package: inputenc 2018/04/06 v1.3b Input encoding file
\inpenc@prehook=\toks18
\inpenc@posthook=\toks19
)
("C:\Program Files\MiKTeX 2.9\tex\latex\graphics\graphicx.sty"
Package: graphicx 2017/06/01 v1.1a Enhanced LaTeX Graphics (DPC,SPQR)

("C:\Program Files\MiKTeX 2.9\tex\latex\graphics\graphics.sty"
Package: graphics 2017/06/25 v1.2c Standard LaTeX Graphics (DPC,SPQR)

("C:\Program Files\MiKTeX 2.9\tex\latex\graphics\trig.sty"
Package: trig 2016/01/03 v1.10 sin cos tan (DPC)
)
("C:\Program Files\MiKTeX 2.9\tex\latex\graphics-cfg\graphics.cfg"
File: graphics.cfg 2016/06/04 v1.11 sample graphics configuration
)
Package graphics Info: Driver file: pdftex.def on input line 99.

("C:\Program Files\MiKTeX 2.9\tex\latex\graphics-def\pdftex.def"
File: pdftex.def 2018/01/08 v1.0l Graphics/color driver for pdftex
))
\Gin@req@height=\dimen128
\Gin@req@width=\dimen129
)
(C:\Users\los_kotyara\AppData\Roaming\MiKTeX\2.9\tex\latex\cite\cite.sty
LaTeX Info: Redefining \cite on input line 302.
LaTeX Info: Redefining \nocite on input line 332.
Package: cite 2015/02/27  v 5.5
)
("C:\Program Files\MiKTeX 2.9\tex\latex\amsmath\amsmath.sty"
Package: amsmath 2017/09/02 v2.17a AMS math features
\@mathmargin=\skip50

For additional information on amsmath, use the `?' option.
("C:\Program Files\MiKTeX 2.9\tex\latex\amsmath\amstext.sty"
Package: amstext 2000/06/29 v2.01 AMS text

("C:\Program Files\MiKTeX 2.9\tex\latex\amsmath\amsgen.sty"
File: amsgen.sty 1999/11/30 v2.0 generic functions
\@emptytoks=\toks20
\ex@=\dimen130
))
("C:\Program Files\MiKTeX 2.9\tex\latex\amsmath\amsbsy.sty"
Package: amsbsy 1999/11/29 v1.2d Bold Symbols
\pmbraise@=\dimen131
)
("C:\Program Files\MiKTeX 2.9\tex\latex\amsmath\amsopn.sty"
Package: amsopn 2016/03/08 v2.02 operator names
)
\inf@bad=\count97
LaTeX Info: Redefining \frac on input line 213.
\uproot@=\count98
\leftroot@=\count99
LaTeX Info: Redefining \overline on input line 375.
\classnum@=\count100
\DOTSCASE@=\count101
LaTeX Info: Redefining \ldots on input line 472.
LaTeX Info: Redefining \dots on input line 475.
LaTeX Info: Redefining \cdots on input line 596.
\Mathstrutbox@=\box28
\strutbox@=\box29
\big@size=\dimen132
LaTeX Font Info:    Redeclaring font encoding OML on input line 712.
LaTeX Font Info:    Redeclaring font encoding OMS on input line 713.
\macc@depth=\count102
\c@MaxMatrixCols=\count103
\dotsspace@=\muskip10
\c@parentequation=\count104
\dspbrk@lvl=\count105
\tag@help=\toks21
\row@=\count106
\column@=\count107
\maxfields@=\count108
\andhelp@=\toks22
\eqnshift@=\dimen133
\alignsep@=\dimen134
\tagshift@=\dimen135
\tagwidth@=\dimen136
\totwidth@=\dimen137
\lineht@=\dimen138
\@envbody=\toks23
\multlinegap=\skip51
\multlinetaggap=\skip52
\mathdisplay@stack=\toks24
LaTeX Info: Redefining \[ on input line 2817.
LaTeX Info: Redefining \] on input line 2818.
)
("C:\Program Files\MiKTeX 2.9\tex\latex\amsfonts\amssymb.sty"
Package: amssymb 2013/01/14 v3.01 AMS font symbols

("C:\Program Files\MiKTeX 2.9\tex\latex\amsfonts\amsfonts.sty"
Package: amsfonts 2013/01/14 v3.01 Basic AMSFonts support
\symAMSa=\mathgroup4
\symAMSb=\mathgroup5
LaTeX Font Info:    Overwriting math alphabet `\mathfrak' in version `bold'
(Font)                  U/euf/m/n --> U/euf/b/n on input line 106.
))
("C:\Program Files\MiKTeX 2.9\tex\latex\amscls\amsthm.sty"
Package: amsthm 2017/10/31 v2.20.4
\thm@style=\toks25
\thm@bodyfont=\toks26
\thm@headfont=\toks27
\thm@notefont=\toks28
\thm@headpunct=\toks29
\thm@preskip=\skip53
\thm@postskip=\skip54
\thm@headsep=\skip55
\dth@everypar=\toks30
)
(C:\Users\los_kotyara\AppData\Roaming\MiKTeX\2.9\tex\latex\fancyvrb\fancyvrb.st
y
Package: fancyvrb 2008/02/07

Style option: `fancyvrb' v2.7a, with DG/SPQR fixes, and firstline=lastline fix 
<2008/02/07> (tvz)
\FV@CodeLineNo=\count109
\FV@InFile=\read1
\FV@TabBox=\box30
\c@FancyVerbLine=\count110
\FV@StepNumber=\count111
\FV@OutFile=\write3
) ("C:\Program Files\MiKTeX 2.9\tex\latex\tools\longtable.sty"
Package: longtable 2014/10/28 v4.11 Multi-page Table package (DPC)
\LTleft=\skip56
\LTright=\skip57
\LTpre=\skip58
\LTpost=\skip59
\LTchunksize=\count112
\LTcapwidth=\dimen139
\LT@head=\box31
\LT@firsthead=\box32
\LT@foot=\box33
\LT@lastfoot=\box34
\LT@cols=\count113
\LT@rows=\count114
\c@LT@tables=\count115
\c@LT@chunks=\count116
\LT@p@ftn=\toks31
) ("C:\Program Files\MiKTeX 2.9\tex\latex\tools\array.sty"
Package: array 2018/04/30 v2.4h Tabular extension package (FMi)
\col@sep=\dimen140
\ar@mcellbox=\box35
\extrarowheight=\dimen141
\NC@list=\toks32
\extratabsurround=\skip60
\backup@length=\skip61
\ar@cellbox=\box36
)
(C:\Users\los_kotyara\AppData\Roaming\MiKTeX\2.9\tex\latex\pdfpages\pdfpages.st
y
Package: pdfpages 2017/10/31 v0.5l Insert pages of external PDF documents (AM)
 ("C:\Program Files\MiKTeX 2.9\tex\latex\base\ifthen.sty"
Package: ifthen 2014/09/29 v1.1c Standard LaTeX ifthen package (DPC)
)
(C:\Users\los_kotyara\AppData\Roaming\MiKTeX\2.9\tex\latex\eso-pic\eso-pic.sty
Package: eso-pic 2018/04/12 v2.0h eso-pic (RN)

("C:\Program Files\MiKTeX 2.9\tex\generic\oberdiek\atbegshi.sty"
Package: atbegshi 2016/06/09 v1.18 At begin shipout hook (HO)

("C:\Program Files\MiKTeX 2.9\tex\generic\oberdiek\infwarerr.sty"
Package: infwarerr 2016/05/16 v1.4 Providing info/warning/error messages (HO)
)
("C:\Program Files\MiKTeX 2.9\tex\generic\oberdiek\ltxcmds.sty"
Package: ltxcmds 2016/05/16 v1.23 LaTeX kernel commands for general use (HO)
))
(C:\Users\los_kotyara\AppData\Roaming\MiKTeX\2.9\tex\latex\xcolor\xcolor.sty
Package: xcolor 2016/05/11 v2.12 LaTeX color extensions (UK)

("C:\Program Files\MiKTeX 2.9\tex\latex\graphics-cfg\color.cfg"
File: color.cfg 2016/01/02 v1.6 sample color configuration
)
Package xcolor Info: Driver file: pdftex.def on input line 225.
Package xcolor Info: Model `cmy' substituted by `cmy0' on input line 1348.
Package xcolor Info: Model `hsb' substituted by `rgb' on input line 1352.
Package xcolor Info: Model `RGB' extended on input line 1364.
Package xcolor Info: Model `HTML' substituted by `rgb' on input line 1366.
Package xcolor Info: Model `Hsb' substituted by `hsb' on input line 1367.
Package xcolor Info: Model `tHsb' substituted by `hsb' on input line 1368.
Package xcolor Info: Model `HSB' substituted by `hsb' on input line 1369.
Package xcolor Info: Model `Gray' substituted by `gray' on input line 1370.
Package xcolor Info: Model `wave' substituted by `hsb' on input line 1371.
))
\AM@pagewidth=\dimen142
\AM@pageheight=\dimen143

(C:\Users\los_kotyara\AppData\Roaming\MiKTeX\2.9\tex\latex\pdfpages\pppdftex.de
f
File: pppdftex.def 2017/10/31 v0.5l Pdfpages driver for pdfTeX (AM)
)
\AM@pagebox=\box37
\AM@global@opts=\toks33
\AM@toc@title=\toks34
\c@AM@survey=\count117
\AM@templatesizebox=\box38
) ("C:\Program Files\MiKTeX 2.9\tex\generic\babel\babel.sty"
Package: babel 2018/10/03 3.25 The Babel package

("C:\Program Files\MiKTeX 2.9\tex\generic\babel\switch.def"
File: switch.def 2018/10/03 3.25 Babel switching mechanism
)
*************************************
* Local config file bblopts.cfg used
*
(C:\Users\los_kotyara\AppData\Roaming\MiKTeX\2.9\tex\latex\arabi\bblopts.cfg
File: bblopts.cfg 2005/09/08 v0.1 add Arabic and Farsi to "declared" options of
 babel
)
("C:\Program Files\MiKTeX 2.9\tex\latex\babel-english\english.ldf"
Language: english 2017/06/06 v3.3r English support from the babel system

("C:\Program Files\MiKTeX 2.9\tex\generic\babel\babel.def"
File: babel.def 2018/10/03 3.25 Babel common definitions
\babel@savecnt=\count118
\U@D=\dimen144

("C:\Program Files\MiKTeX 2.9\tex\generic\babel\txtbabel.def")
\bbl@dirlevel=\count119
)
\l@canadian = a dialect from \language\l@american 
\l@australian = a dialect from \language\l@british 
\l@newzealand = a dialect from \language\l@british 
)
(C:\Users\los_kotyara\AppData\Roaming\MiKTeX\2.9\tex\latex\babel-russian\russia
nb.ldf
Language: russian 2017/08/12 1.3j Russian support for the Babel system
Package babel Info: Making " an active character on input line 120.
Package babel Info: Default for \cyrdash is provided on input line 157.
)) ("C:\Program Files\MiKTeX 2.9\tex\latex\hyperref\hyperref.sty"
Package: hyperref 2018/09/30 v6.88a Hypertext links for LaTeX

("C:\Program Files\MiKTeX 2.9\tex\generic\oberdiek\hobsub-hyperref.sty"
Package: hobsub-hyperref 2016/05/16 v1.14 Bundle oberdiek, subset hyperref (HO)


("C:\Program Files\MiKTeX 2.9\tex\generic\oberdiek\hobsub-generic.sty"
Package: hobsub-generic 2016/05/16 v1.14 Bundle oberdiek, subset generic (HO)
Package: hobsub 2016/05/16 v1.14 Construct package bundles (HO)
Package hobsub Info: Skipping package `infwarerr' (already loaded).
Package hobsub Info: Skipping package `ltxcmds' (already loaded).
Package: ifluatex 2016/05/16 v1.4 Provides the ifluatex switch (HO)
Package ifluatex Info: LuaTeX not detected.
Package hobsub Info: Skipping package `ifvtex' (already loaded).
Package: intcalc 2016/05/16 v1.2 Expandable calculations with integers (HO)
Package hobsub Info: Skipping package `ifpdf' (already loaded).
Package: etexcmds 2016/05/16 v1.6 Avoid name clashes with e-TeX commands (HO)
Package etexcmds Info: Could not find \expanded.
(etexcmds)             That can mean that you are not using pdfTeX 1.50 or
(etexcmds)             that some package has redefined \expanded.
(etexcmds)             In the latter case, load this package earlier.
Package: kvsetkeys 2016/05/16 v1.17 Key value parser (HO)
Package: kvdefinekeys 2016/05/16 v1.4 Define keys (HO)
Package: pdftexcmds 2018/09/10 v0.29 Utility functions of pdfTeX for LuaTeX (HO
)
Package pdftexcmds Info: LuaTeX not detected.
Package pdftexcmds Info: \pdf@primitive is available.
Package pdftexcmds Info: \pdf@ifprimitive is available.
Package pdftexcmds Info: \pdfdraftmode found.
Package: pdfescape 2016/05/16 v1.14 Implements pdfTeX's escape features (HO)
Package: bigintcalc 2016/05/16 v1.4 Expandable calculations on big integers (HO
)
Package: bitset 2016/05/16 v1.2 Handle bit-vector datatype (HO)
Package: uniquecounter 2016/05/16 v1.3 Provide unlimited unique counter (HO)
)
Package hobsub Info: Skipping package `hobsub' (already loaded).
Package: letltxmacro 2016/05/16 v1.5 Let assignment for LaTeX macros (HO)
Package: hopatch 2016/05/16 v1.3 Wrapper for package hooks (HO)
Package: xcolor-patch 2016/05/16 xcolor patch
Package: atveryend 2016/05/16 v1.9 Hooks at the very end of document (HO)
Package atveryend Info: \enddocument detected (standard20110627).
Package hobsub Info: Skipping package `atbegshi' (already loaded).
Package: refcount 2016/05/16 v3.5 Data extraction from label references (HO)
Package: hycolor 2016/05/16 v1.8 Color options for hyperref/bookmark (HO)
)
("C:\Program Files\MiKTeX 2.9\tex\latex\oberdiek\auxhook.sty"
Package: auxhook 2016/05/16 v1.4 Hooks for auxiliary files (HO)
)
("C:\Program Files\MiKTeX 2.9\tex\latex\oberdiek\kvoptions.sty"
Package: kvoptions 2016/05/16 v3.12 Key value format for package options (HO)
)
\@linkdim=\dimen145
\Hy@linkcounter=\count120
\Hy@pagecounter=\count121

("C:\Program Files\MiKTeX 2.9\tex\latex\hyperref\pd1enc.def"
File: pd1enc.def 2018/09/30 v6.88a Hyperref: PDFDocEncoding definition (HO)
Now handling font encoding PD1 ...
... no UTF-8 mapping file for font encoding PD1
)
\Hy@SavedSpaceFactor=\count122
Package hyperref Info: Option `unicode' set `true' on input line 3475.

("C:\Program Files\MiKTeX 2.9\tex\latex\hyperref\puenc.def"
File: puenc.def 2018/09/30 v6.88a Hyperref: PDF Unicode definition (HO)
Now handling font encoding PU ...
... no UTF-8 mapping file for font encoding PU
)
("C:\Program Files\MiKTeX 2.9\tex\latex\00miktex\hyperref.cfg"
File: hyperref.cfg 2002/06/06 v1.2 hyperref configuration of TeXLive
)
Package hyperref Info: Option `colorlinks' set `true' on input line 4409.
Package hyperref Info: Hyper figures OFF on input line 4535.
Package hyperref Info: Link nesting OFF on input line 4540.
Package hyperref Info: Hyper index ON on input line 4543.
Package hyperref Info: Plain pages OFF on input line 4550.
Package hyperref Info: Backreferencing OFF on input line 4555.
Package hyperref Info: Implicit mode ON; LaTeX internals redefined.
Package hyperref Info: Bookmarks ON on input line 4788.
\c@Hy@tempcnt=\count123

(C:\Users\los_kotyara\AppData\Roaming\MiKTeX\2.9\tex\latex\url\url.sty
\Urlmuskip=\muskip11
Package: url 2013/09/16  ver 3.4  Verb mode for urls, etc.
)
LaTeX Info: Redefining \url on input line 5141.
\XeTeXLinkMargin=\dimen146
\Fld@menulength=\count124
\Field@Width=\dimen147
\Fld@charsize=\dimen148
Package hyperref Info: Hyper figures OFF on input line 6396.
Package hyperref Info: Link nesting OFF on input line 6401.
Package hyperref Info: Hyper index ON on input line 6404.
Package hyperref Info: backreferencing OFF on input line 6411.
Package hyperref Info: Link coloring ON on input line 6414.
Package hyperref Info: Link coloring with OCG OFF on input line 6421.
Package hyperref Info: PDF/A mode OFF on input line 6426.
LaTeX Info: Redefining \ref on input line 6466.
LaTeX Info: Redefining \pageref on input line 6470.
\Hy@abspage=\count125
\c@Item=\count126
\c@Hfootnote=\count127
)
Package hyperref Info: Driver (autodetected): hpdftex.

("C:\Program Files\MiKTeX 2.9\tex\latex\hyperref\hpdftex.def"
File: hpdftex.def 2018/09/30 v6.88a Hyperref driver for pdfTeX
\Fld@listcount=\count128
\c@bookmark@seq@number=\count129

("C:\Program Files\MiKTeX 2.9\tex\latex\oberdiek\rerunfilecheck.sty"
Package: rerunfilecheck 2016/05/16 v1.8 Rerun checks for auxiliary files (HO)
Package uniquecounter Info: New unique counter `rerunfilecheck' on input line 2
82.
)
\Hy@SectionHShift=\skip62
)
(otchet.aux)
\openout1 = `otchet.aux'.

LaTeX Font Info:    Checking defaults for OML/cmm/m/it on input line 16.
LaTeX Font Info:    ... okay on input line 16.
LaTeX Font Info:    Checking defaults for T1/cmr/m/n on input line 16.
LaTeX Font Info:    ... okay on input line 16.
LaTeX Font Info:    Checking defaults for OT1/cmr/m/n on input line 16.
LaTeX Font Info:    ... okay on input line 16.
LaTeX Font Info:    Checking defaults for OMS/cmsy/m/n on input line 16.
LaTeX Font Info:    ... okay on input line 16.
LaTeX Font Info:    Checking defaults for OMX/cmex/m/n on input line 16.
LaTeX Font Info:    ... okay on input line 16.
LaTeX Font Info:    Checking defaults for U/cmr/m/n on input line 16.
LaTeX Font Info:    ... okay on input line 16.
LaTeX Font Info:    Checking defaults for T2A/cmr/m/n on input line 16.
LaTeX Font Info:    ... okay on input line 16.
LaTeX Font Info:    Checking defaults for PD1/pdf/m/n on input line 16.
LaTeX Font Info:    ... okay on input line 16.
LaTeX Font Info:    Checking defaults for PU/pdf/m/n on input line 16.
LaTeX Font Info:    ... okay on input line 16.
LaTeX Font Info:    Try loading font information for T2A+ftm on input line 16.
LaTeX Font Info:    No file T2Aftm.fd. on input line 16.


LaTeX Font Warning: Font shape `T2A/ftm/m/n' undefined
(Font)              using `T2A/cmr/m/n' instead on input line 16.

*geometry* driver: auto-detecting
*geometry* detected driver: pdftex
*geometry* verbose mode - [ preamble ] result:
* driver: pdftex
* paper: a4paper
* layout: <same size as paper>
* layoutoffset:(h,v)=(0.0pt,0.0pt)
* modes: 
* h-part:(L,W,R)=(71.13188pt, 483.69687pt, 42.67912pt)
* v-part:(T,H,B)=(56.9055pt, 731.23584pt, 56.9055pt)
* \paperwidth=597.50787pt
* \paperheight=845.04684pt
* \textwidth=483.69687pt
* \textheight=731.23584pt
* \oddsidemargin=-1.1381pt
* \evensidemargin=-1.1381pt
* \topmargin=-15.36449pt
* \headheight=0.0pt
* \headsep=0.0pt
* \topskip=14.0pt
* \footskip=28.45274pt
* \marginparwidth=24.0pt
* \marginparsep=10.0pt
* \columnsep=10.0pt
* \skip\footins=12.0pt plus 4.0pt minus 2.0pt
* \hoffset=0.0pt
* \voffset=0.0pt
* \mag=1000
* \@twocolumnfalse
* \@twosidefalse
* \@mparswitchfalse
* \@reversemarginfalse
* (1in=72.27pt=25.4mm, 1cm=28.453pt)

Package caption Info: Begin \AtBeginDocument code.
Package caption Info: hyperref package is loaded.
Package caption Info: longtable package is loaded.

(C:\Users\los_kotyara\AppData\Roaming\MiKTeX\2.9\tex\latex\caption\ltcaption.st
y
Package: ltcaption 2018/08/26 v1.4-95 longtable captions (AR)
)
Package caption Info: End \AtBeginDocument code.

(C:\Users\los_kotyara\AppData\Roaming\MiKTeX\2.9\tex\context\base\supp-pdf.mkii
[Loading MPS to PDF converter (version 2006.09.02).]
\scratchcounter=\count130
\scratchdimen=\dimen149
\scratchbox=\box39
\nofMPsegments=\count131
\nofMParguments=\count132
\everyMPshowfont=\toks35
\MPscratchCnt=\count133
\MPscratchDim=\dimen150
\MPnumerator=\count134
\makeMPintoPDFobject=\count135
\everyMPtoPDFconversion=\toks36
) ("C:\Program Files\MiKTeX 2.9\tex\latex\oberdiek\epstopdf-base.sty"
Package: epstopdf-base 2016/05/15 v2.6 Base part for package epstopdf

("C:\Program Files\MiKTeX 2.9\tex\latex\oberdiek\grfext.sty"
Package: grfext 2016/05/16 v1.2 Manage graphics extensions (HO)
)
Package epstopdf-base Info: Redefining graphics rule for `.eps' on input line 4
38.
Package grfext Info: Graphics extension search list:
(grfext)             [.pdf,.png,.jpg,.mps,.jpeg,.jbig2,.jb2,.PDF,.PNG,.JPG,.JPE
G,.JBIG2,.JB2,.eps]
(grfext)             \AppendGraphicsExtensions on input line 456.
)
\AtBeginShipoutBox=\box40

("C:\Program Files\MiKTeX 2.9\tex\latex\oberdiek\pdflscape.sty"
Package: pdflscape 2016/05/14 v0.11 Display of landscape pages in PDF (HO)

("C:\Program Files\MiKTeX 2.9\tex\latex\graphics\lscape.sty"
Package: lscape 2000/10/22 v3.01 Landscape Pages (DPC)
)
Package pdflscape Info: Auto-detected driver: pdftex on input line 81.
)
Package hyperref Info: Link coloring ON on input line 16.

("C:\Program Files\MiKTeX 2.9\tex\latex\hyperref\nameref.sty"
Package: nameref 2016/05/21 v2.44 Cross-referencing by name of section

("C:\Program Files\MiKTeX 2.9\tex\generic\oberdiek\gettitlestring.sty"
Package: gettitlestring 2016/05/16 v1.5 Cleanup title references (HO)
)
\c@section@level=\count136
)
LaTeX Info: Redefining \ref on input line 16.
LaTeX Info: Redefining \pageref on input line 16.
LaTeX Info: Redefining \nameref on input line 16.

(otchet.out) (otchet.out)
\@outlinefile=\write4
\openout4 = `otchet.out'.

LaTeX Font Info:    Try loading font information for U+msa on input line 75.

("C:\Program Files\MiKTeX 2.9\tex\latex\amsfonts\umsa.fd"
File: umsa.fd 2013/01/14 v3.01 AMS symbols A
)
LaTeX Font Info:    Try loading font information for U+msb on input line 75.

("C:\Program Files\MiKTeX 2.9\tex\latex\amsfonts\umsb.fd"
File: umsb.fd 2013/01/14 v3.01 AMS symbols B
)

LaTeX Font Warning: Font shape `T2A/ftm/bx/n' undefined
(Font)              using `T2A/ftm/m/n' instead on input line 75.


Underfull \hbox (badness 10000) in paragraph at lines 75--75

 []

[1

{C:/Users/los_kotyara/AppData/Local/MiKTeX/2.9/pdftex/config/pdftex.map}]
(otchet.toc
LaTeX Font Info:    Try loading font information for OT1+ftm on input line 1.
LaTeX Font Info:    No file OT1ftm.fd. on input line 1.


LaTeX Font Warning: Font shape `OT1/ftm/m/n' undefined
(Font)              using `OT1/cmr/m/n' instead on input line 1.

)
\tf@toc=\write5
\openout5 = `otchet.toc'.

 [2

]
<5.pdf, id=60, 597.432pt x 845.07718pt>
File: 5.pdf Graphic file (type pdf)
<use 5.pdf>
Package pdftex.def Info: 5.pdf  used on input line 88.
(pdftex.def)             Requested size: 597.43054pt x 845.07512pt.
File: 5.pdf Graphic file (type pdf)
<use 5.pdf>
Package pdftex.def Info: 5.pdf  used on input line 88.
(pdftex.def)             Requested size: 597.43054pt x 845.07512pt.
<5.pdf, id=63, page=1, 597.432pt x 845.07718pt>
File: 5.pdf Graphic file (type pdf)
<use 5.pdf, page 1>
Package pdftex.def Info: 5.pdf , page1 used on input line 88.
(pdftex.def)             Requested size: 597.43054pt x 845.07512pt.
File: 5.pdf Graphic file (type pdf)
<use 5.pdf, page 1>
Package pdftex.def Info: 5.pdf , page1 used on input line 88.
(pdftex.def)             Requested size: 597.45789pt x 845.1138pt.
 [3]
File: 5.pdf Graphic file (type pdf)
<use 5.pdf, page 1>
Package pdftex.def Info: 5.pdf , page1 used on input line 88.
(pdftex.def)             Requested size: 597.45789pt x 845.1138pt.
File: 5.pdf Graphic file (type pdf)
<use 5.pdf, page 1>
Package pdftex.def Info: 5.pdf , page1 used on input line 88.
(pdftex.def)             Requested size: 597.45789pt x 845.1138pt.
File: 5.pdf Graphic file (type pdf)
<use 5.pdf, page 1>
Package pdftex.def Info: 5.pdf , page1 used on input line 88.
(pdftex.def)             Requested size: 597.45789pt x 845.1138pt.
 [4 <./5.pdf>]
<5.pdf, id=135, page=2, 597.432pt x 845.07718pt>
File: 5.pdf Graphic file (type pdf)
<use 5.pdf, page 2>
Package pdftex.def Info: 5.pdf , page2 used on input line 88.
(pdftex.def)             Requested size: 597.45789pt x 845.1138pt.
File: 5.pdf Graphic file (type pdf)
<use 5.pdf, page 2>
Package pdftex.def Info: 5.pdf , page2 used on input line 88.
(pdftex.def)             Requested size: 597.45789pt x 845.1138pt.
File: 5.pdf Graphic file (type pdf)
<use 5.pdf, page 2>
Package pdftex.def Info: 5.pdf , page2 used on input line 88.
(pdftex.def)             Requested size: 597.45789pt x 845.1138pt.
 [5 <./5.pdf>]
<5.pdf, id=177, page=3, 597.432pt x 845.07718pt>
File: 5.pdf Graphic file (type pdf)
<use 5.pdf, page 3>
Package pdftex.def Info: 5.pdf , page3 used on input line 88.
(pdftex.def)             Requested size: 597.45789pt x 845.1138pt.
File: 5.pdf Graphic file (type pdf)
<use 5.pdf, page 3>
Package pdftex.def Info: 5.pdf , page3 used on input line 88.
(pdftex.def)             Requested size: 597.45789pt x 845.1138pt.
File: 5.pdf Graphic file (type pdf)
<use 5.pdf, page 3>
Package pdftex.def Info: 5.pdf , page3 used on input line 88.
(pdftex.def)             Requested size: 597.45789pt x 845.1138pt.
 [6 <./5.pdf>] [7]
LaTeX Font Info:    Try loading font information for T2A+cmtt on input line 92.


("C:\Program Files\MiKTeX 2.9\tex\latex\cyrillic\t2acmtt.fd"
File: t2acmtt.fd 2001/08/11 v1.0a Computer Modern Cyrillic font definitions
) [8] [9] [10]
[11] [12] [13] [14]
<ind_zadanie_1.pdf, id=234, 597.50829pt x 845.0471pt>
File: ind_zadanie_1.pdf Graphic file (type pdf)
<use ind_zadanie_1.pdf>
Package pdftex.def Info: ind_zadanie_1.pdf  used on input line 96.
(pdftex.def)             Requested size: 597.50682pt x 845.04504pt.
File: ind_zadanie_1.pdf Graphic file (type pdf)
<use ind_zadanie_1.pdf>
Package pdftex.def Info: ind_zadanie_1.pdf  used on input line 96.
(pdftex.def)             Requested size: 597.50682pt x 845.04504pt.
<ind_zadanie_1.pdf, id=237, page=1, 597.50829pt x 845.0471pt>
File: ind_zadanie_1.pdf Graphic file (type pdf)
<use ind_zadanie_1.pdf, page 1>
Package pdftex.def Info: ind_zadanie_1.pdf , page1 used on input line 96.
(pdftex.def)             Requested size: 597.50682pt x 845.04504pt.
File: ind_zadanie_1.pdf Graphic file (type pdf)
<use ind_zadanie_1.pdf, page 1>
Package pdftex.def Info: ind_zadanie_1.pdf , page1 used on input line 96.
(pdftex.def)             Requested size: 597.53416pt x 845.08372pt.
 [15]
File: ind_zadanie_1.pdf Graphic file (type pdf)
<use ind_zadanie_1.pdf, page 1>
Package pdftex.def Info: ind_zadanie_1.pdf , page1 used on input line 96.
(pdftex.def)             Requested size: 597.53416pt x 845.08372pt.
File: ind_zadanie_1.pdf Graphic file (type pdf)
<use ind_zadanie_1.pdf, page 1>
Package pdftex.def Info: ind_zadanie_1.pdf , page1 used on input line 96.
(pdftex.def)             Requested size: 597.53416pt x 845.08372pt.
File: ind_zadanie_1.pdf Graphic file (type pdf)
<use ind_zadanie_1.pdf, page 1>
Package pdftex.def Info: ind_zadanie_1.pdf , page1 used on input line 96.
(pdftex.def)             Requested size: 597.53416pt x 845.08372pt.
 [16 <./ind_zadanie_1.pdf>]
<ind_zadanie_1.pdf, id=485, page=2, 597.50829pt x 845.0471pt>
File: ind_zadanie_1.pdf Graphic file (type pdf)
<use ind_zadanie_1.pdf, page 2>
Package pdftex.def Info: ind_zadanie_1.pdf , page2 used on input line 96.
(pdftex.def)             Requested size: 597.53416pt x 845.08372pt.
File: ind_zadanie_1.pdf Graphic file (type pdf)
<use ind_zadanie_1.pdf, page 2>
Package pdftex.def Info: ind_zadanie_1.pdf , page2 used on input line 96.
(pdftex.def)             Requested size: 597.53416pt x 845.08372pt.
File: ind_zadanie_1.pdf Graphic file (type pdf)
<use ind_zadanie_1.pdf, page 2>
Package pdftex.def Info: ind_zadanie_1.pdf , page2 used on input line 96.
(pdftex.def)             Requested size: 597.53416pt x 845.08372pt.
 [17 <./ind_zadanie_1.pdf>]
<ind_zadanie_1.pdf, id=552, page=3, 597.50829pt x 845.0471pt>
File: ind_zadanie_1.pdf Graphic file (type pdf)
<use ind_zadanie_1.pdf, page 3>
Package pdftex.def Info: ind_zadanie_1.pdf , page3 used on input line 96.
(pdftex.def)             Requested size: 597.53416pt x 845.08372pt.
File: ind_zadanie_1.pdf Graphic file (type pdf)
<use ind_zadanie_1.pdf, page 3>
Package pdftex.def Info: ind_zadanie_1.pdf , page3 used on input line 96.
(pdftex.def)             Requested size: 597.53416pt x 845.08372pt.
File: ind_zadanie_1.pdf Graphic file (type pdf)
<use ind_zadanie_1.pdf, page 3>
Package pdftex.def Info: ind_zadanie_1.pdf , page3 used on input line 96.
(pdftex.def)             Requested size: 597.53416pt x 845.08372pt.

[18 <./ind_zadanie_1.pdf>] [19] [20]
<otchet_konf.pdf, id=570, 614.295pt x 794.97pt>
File: otchet_konf.pdf Graphic file (type pdf)
<use otchet_konf.pdf>
Package pdftex.def Info: otchet_konf.pdf  used on input line 106.
(pdftex.def)             Requested size: 614.29349pt x 794.96806pt.
File: otchet_konf.pdf Graphic file (type pdf)
<use otchet_konf.pdf>
Package pdftex.def Info: otchet_konf.pdf  used on input line 106.
(pdftex.def)             Requested size: 614.29349pt x 794.96806pt.
<otchet_konf.pdf, id=573, page=1, 614.295pt x 794.97pt>
File: otchet_konf.pdf Graphic file (type pdf)
<use otchet_konf.pdf, page 1>
Package pdftex.def Info: otchet_konf.pdf , page1 used on input line 106.
(pdftex.def)             Requested size: 614.29349pt x 794.96806pt.
File: otchet_konf.pdf Graphic file (type pdf)
<use otchet_konf.pdf, page 1>
Package pdftex.def Info: otchet_konf.pdf , page1 used on input line 106.
(pdftex.def)             Requested size: 597.78697pt x 773.60669pt.
 [21]
File: otchet_konf.pdf Graphic file (type pdf)
<use otchet_konf.pdf, page 1>
Package pdftex.def Info: otchet_konf.pdf , page1 used on input line 106.
(pdftex.def)             Requested size: 597.78697pt x 773.60669pt.
File: otchet_konf.pdf Graphic file (type pdf)
<use otchet_konf.pdf, page 1>
Package pdftex.def Info: otchet_konf.pdf , page1 used on input line 106.
(pdftex.def)             Requested size: 597.78697pt x 773.60669pt.
File: otchet_konf.pdf Graphic file (type pdf)
<use otchet_konf.pdf, page 1>
Package pdftex.def Info: otchet_konf.pdf , page1 used on input line 106.
(pdftex.def)             Requested size: 597.78697pt x 773.60669pt.
 [22 <./otchet_konf.pdf>] [23]
[24] [25] [26] [27] [28] [29] [30] [31] [32] [33] [34] [35] [36] [37] [38]
LaTeX Font Info:    Try loading font information for OMS+cmtt on input line 113
.
LaTeX Font Info:    No file OMScmtt.fd. on input line 113.


LaTeX Font Warning: Font shape `OMS/cmtt/m/n' undefined
(Font)              using `OMS/cmsy/m/n' instead
(Font)              for symbol `textbullet' on input line 113.

[39] [40] [41] [42]
<ind_zadanie_2.pdf, id=741, 597.50829pt x 845.0471pt>
File: ind_zadanie_2.pdf Graphic file (type pdf)
<use ind_zadanie_2.pdf>
Package pdftex.def Info: ind_zadanie_2.pdf  used on input line 117.
(pdftex.def)             Requested size: 597.50682pt x 845.04504pt.
File: ind_zadanie_2.pdf Graphic file (type pdf)
<use ind_zadanie_2.pdf>
Package pdftex.def Info: ind_zadanie_2.pdf  used on input line 117.
(pdftex.def)             Requested size: 597.50682pt x 845.04504pt.
<ind_zadanie_2.pdf, id=744, page=1, 597.50829pt x 845.0471pt>
File: ind_zadanie_2.pdf Graphic file (type pdf)
<use ind_zadanie_2.pdf, page 1>
Package pdftex.def Info: ind_zadanie_2.pdf , page1 used on input line 117.
(pdftex.def)             Requested size: 597.50682pt x 845.04504pt.
File: ind_zadanie_2.pdf Graphic file (type pdf)
<use ind_zadanie_2.pdf, page 1>
Package pdftex.def Info: ind_zadanie_2.pdf , page1 used on input line 117.
(pdftex.def)             Requested size: 597.53416pt x 845.08372pt.
 [43]
File: ind_zadanie_2.pdf Graphic file (type pdf)
<use ind_zadanie_2.pdf, page 1>
Package pdftex.def Info: ind_zadanie_2.pdf , page1 used on input line 117.
(pdftex.def)             Requested size: 597.53416pt x 845.08372pt.
File: ind_zadanie_2.pdf Graphic file (type pdf)
<use ind_zadanie_2.pdf, page 1>
Package pdftex.def Info: ind_zadanie_2.pdf , page1 used on input line 117.
(pdftex.def)             Requested size: 597.53416pt x 845.08372pt.
File: ind_zadanie_2.pdf Graphic file (type pdf)
<use ind_zadanie_2.pdf, page 1>
Package pdftex.def Info: ind_zadanie_2.pdf , page1 used on input line 117.
(pdftex.def)             Requested size: 597.53416pt x 845.08372pt.
 [44 <./ind_zadanie_2.pdf>]
<ind_zadanie_2.pdf, id=895, page=2, 597.50829pt x 845.0471pt>
File: ind_zadanie_2.pdf Graphic file (type pdf)
<use ind_zadanie_2.pdf, page 2>
Package pdftex.def Info: ind_zadanie_2.pdf , page2 used on input line 117.
(pdftex.def)             Requested size: 597.53416pt x 845.08372pt.
File: ind_zadanie_2.pdf Graphic file (type pdf)
<use ind_zadanie_2.pdf, page 2>
Package pdftex.def Info: ind_zadanie_2.pdf , page2 used on input line 117.
(pdftex.def)             Requested size: 597.53416pt x 845.08372pt.
File: ind_zadanie_2.pdf Graphic file (type pdf)
<use ind_zadanie_2.pdf, page 2>
Package pdftex.def Info: ind_zadanie_2.pdf , page2 used on input line 117.
(pdftex.def)             Requested size: 597.53416pt x 845.08372pt.
 [45 <./ind_zadanie_2.pdf>]
<ind_zadanie_2.pdf, id=900, page=3, 597.50829pt x 845.0471pt>
File: ind_zadanie_2.pdf Graphic file (type pdf)
<use ind_zadanie_2.pdf, page 3>
Package pdftex.def Info: ind_zadanie_2.pdf , page3 used on input line 117.
(pdftex.def)             Requested size: 597.53416pt x 845.08372pt.
File: ind_zadanie_2.pdf Graphic file (type pdf)
<use ind_zadanie_2.pdf, page 3>
Package pdftex.def Info: ind_zadanie_2.pdf , page3 used on input line 117.
(pdftex.def)             Requested size: 597.53416pt x 845.08372pt.
File: ind_zadanie_2.pdf Graphic file (type pdf)
<use ind_zadanie_2.pdf, page 3>
Package pdftex.def Info: ind_zadanie_2.pdf , page3 used on input line 117.
(pdftex.def)             Requested size: 597.53416pt x 845.08372pt.

[46 <./ind_zadanie_2.pdf>]
<ind_zadanie_2.pdf, id=905, page=4, 597.50829pt x 845.0471pt>
File: ind_zadanie_2.pdf Graphic file (type pdf)
<use ind_zadanie_2.pdf, page 4>
Package pdftex.def Info: ind_zadanie_2.pdf , page4 used on input line 117.
(pdftex.def)             Requested size: 597.53416pt x 845.08372pt.
File: ind_zadanie_2.pdf Graphic file (type pdf)
<use ind_zadanie_2.pdf, page 4>
Package pdftex.def Info: ind_zadanie_2.pdf , page4 used on input line 117.
(pdftex.def)             Requested size: 597.53416pt x 845.08372pt.
File: ind_zadanie_2.pdf Graphic file (type pdf)
<use ind_zadanie_2.pdf, page 4>
Package pdftex.def Info: ind_zadanie_2.pdf , page4 used on input line 117.
(pdftex.def)             Requested size: 597.53416pt x 845.08372pt.
 [47 <./ind_zadanie_2.pdf>]
<ind_zadanie_2.pdf, id=960, page=5, 597.50829pt x 845.0471pt>
File: ind_zadanie_2.pdf Graphic file (type pdf)
<use ind_zadanie_2.pdf, page 5>
Package pdftex.def Info: ind_zadanie_2.pdf , page5 used on input line 117.
(pdftex.def)             Requested size: 597.53416pt x 845.08372pt.
File: ind_zadanie_2.pdf Graphic file (type pdf)
<use ind_zadanie_2.pdf, page 5>
Package pdftex.def Info: ind_zadanie_2.pdf , page5 used on input line 117.
(pdftex.def)             Requested size: 597.53416pt x 845.08372pt.
File: ind_zadanie_2.pdf Graphic file (type pdf)
<use ind_zadanie_2.pdf, page 5>
Package pdftex.def Info: ind_zadanie_2.pdf , page5 used on input line 117.
(pdftex.def)             Requested size: 597.53416pt x 845.08372pt.
 [48 <./ind_zadanie_2.pdf>]
<ind_zadanie_2.pdf, id=965, page=6, 597.50829pt x 845.0471pt>
File: ind_zadanie_2.pdf Graphic file (type pdf)
<use ind_zadanie_2.pdf, page 6>
Package pdftex.def Info: ind_zadanie_2.pdf , page6 used on input line 117.
(pdftex.def)             Requested size: 597.53416pt x 845.08372pt.
File: ind_zadanie_2.pdf Graphic file (type pdf)
<use ind_zadanie_2.pdf, page 6>
Package pdftex.def Info: ind_zadanie_2.pdf , page6 used on input line 117.
(pdftex.def)             Requested size: 597.53416pt x 845.08372pt.
File: ind_zadanie_2.pdf Graphic file (type pdf)
<use ind_zadanie_2.pdf, page 6>
Package pdftex.def Info: ind_zadanie_2.pdf , page6 used on input line 117.
(pdftex.def)             Requested size: 597.53416pt x 845.08372pt.
 [49 <./ind_zadanie_2.pdf>]
<ind_zadanie_2.pdf, id=971, page=7, 597.50829pt x 845.0471pt>
File: ind_zadanie_2.pdf Graphic file (type pdf)
<use ind_zadanie_2.pdf, page 7>
Package pdftex.def Info: ind_zadanie_2.pdf , page7 used on input line 117.
(pdftex.def)             Requested size: 597.53416pt x 845.08372pt.
File: ind_zadanie_2.pdf Graphic file (type pdf)
<use ind_zadanie_2.pdf, page 7>
Package pdftex.def Info: ind_zadanie_2.pdf , page7 used on input line 117.
(pdftex.def)             Requested size: 597.53416pt x 845.08372pt.
File: ind_zadanie_2.pdf Graphic file (type pdf)
<use ind_zadanie_2.pdf, page 7>
Package pdftex.def Info: ind_zadanie_2.pdf , page7 used on input line 117.
(pdftex.def)             Requested size: 597.53416pt x 845.08372pt.
 [50 <./ind_zadanie_2.pdf>]
<ind_zadanie_2.pdf, id=976, page=8, 597.50829pt x 845.0471pt>
File: ind_zadanie_2.pdf Graphic file (type pdf)
<use ind_zadanie_2.pdf, page 8>
Package pdftex.def Info: ind_zadanie_2.pdf , page8 used on input line 117.
(pdftex.def)             Requested size: 597.53416pt x 845.08372pt.
File: ind_zadanie_2.pdf Graphic file (type pdf)
<use ind_zadanie_2.pdf, page 8>
Package pdftex.def Info: ind_zadanie_2.pdf , page8 used on input line 117.
(pdftex.def)             Requested size: 597.53416pt x 845.08372pt.
File: ind_zadanie_2.pdf Graphic file (type pdf)
<use ind_zadanie_2.pdf, page 8>
Package pdftex.def Info: ind_zadanie_2.pdf , page8 used on input line 117.
(pdftex.def)             Requested size: 597.53416pt x 845.08372pt.
 [51 <./ind_zadanie_2.pdf>]
<ind_zadanie_2.pdf, id=981, page=9, 597.50829pt x 845.0471pt>
File: ind_zadanie_2.pdf Graphic file (type pdf)
<use ind_zadanie_2.pdf, page 9>
Package pdftex.def Info: ind_zadanie_2.pdf , page9 used on input line 117.
(pdftex.def)             Requested size: 597.53416pt x 845.08372pt.
File: ind_zadanie_2.pdf Graphic file (type pdf)
<use ind_zadanie_2.pdf, page 9>
Package pdftex.def Info: ind_zadanie_2.pdf , page9 used on input line 117.
(pdftex.def)             Requested size: 597.53416pt x 845.08372pt.
File: ind_zadanie_2.pdf Graphic file (type pdf)
<use ind_zadanie_2.pdf, page 9>
Package pdftex.def Info: ind_zadanie_2.pdf , page9 used on input line 117.
(pdftex.def)             Requested size: 597.53416pt x 845.08372pt.
 [52 <./ind_zadanie_2.pdf>]
<ind_zadanie_2.pdf, id=986, page=10, 597.50829pt x 845.0471pt>
File: ind_zadanie_2.pdf Graphic file (type pdf)
<use ind_zadanie_2.pdf, page 10>
Package pdftex.def Info: ind_zadanie_2.pdf , page10 used on input line 117.
(pdftex.def)             Requested size: 597.53416pt x 845.08372pt.
File: ind_zadanie_2.pdf Graphic file (type pdf)
<use ind_zadanie_2.pdf, page 10>
Package pdftex.def Info: ind_zadanie_2.pdf , page10 used on input line 117.
(pdftex.def)             Requested size: 597.53416pt x 845.08372pt.
File: ind_zadanie_2.pdf Graphic file (type pdf)
<use ind_zadanie_2.pdf, page 10>
Package pdftex.def Info: ind_zadanie_2.pdf , page10 used on input line 117.
(pdftex.def)             Requested size: 597.53416pt x 845.08372pt.
 [53 <./ind_zadanie_2.pdf>]
<ind_zadanie_2.pdf, id=991, page=11, 597.50829pt x 845.0471pt>
File: ind_zadanie_2.pdf Graphic file (type pdf)
<use ind_zadanie_2.pdf, page 11>
Package pdftex.def Info: ind_zadanie_2.pdf , page11 used on input line 117.
(pdftex.def)             Requested size: 597.53416pt x 845.08372pt.
File: ind_zadanie_2.pdf Graphic file (type pdf)
<use ind_zadanie_2.pdf, page 11>
Package pdftex.def Info: ind_zadanie_2.pdf , page11 used on input line 117.
(pdftex.def)             Requested size: 597.53416pt x 845.08372pt.
File: ind_zadanie_2.pdf Graphic file (type pdf)
<use ind_zadanie_2.pdf, page 11>
Package pdftex.def Info: ind_zadanie_2.pdf , page11 used on input line 117.
(pdftex.def)             Requested size: 597.53416pt x 845.08372pt.
 [54 <./ind_zadanie_2.pdf>]
<ind_zadanie_2.pdf, id=996, page=12, 597.50829pt x 845.0471pt>
File: ind_zadanie_2.pdf Graphic file (type pdf)
<use ind_zadanie_2.pdf, page 12>
Package pdftex.def Info: ind_zadanie_2.pdf , page12 used on input line 117.
(pdftex.def)             Requested size: 597.53416pt x 845.08372pt.
File: ind_zadanie_2.pdf Graphic file (type pdf)
<use ind_zadanie_2.pdf, page 12>
Package pdftex.def Info: ind_zadanie_2.pdf , page12 used on input line 117.
(pdftex.def)             Requested size: 597.53416pt x 845.08372pt.
File: ind_zadanie_2.pdf Graphic file (type pdf)
<use ind_zadanie_2.pdf, page 12>
Package pdftex.def Info: ind_zadanie_2.pdf , page12 used on input line 117.
(pdftex.def)             Requested size: 597.53416pt x 845.08372pt.
 [55 <./ind_zadanie_2.pdf>]
<ind_zadanie_2.pdf, id=1002, page=13, 597.50829pt x 845.0471pt>
File: ind_zadanie_2.pdf Graphic file (type pdf)
<use ind_zadanie_2.pdf, page 13>
Package pdftex.def Info: ind_zadanie_2.pdf , page13 used on input line 117.
(pdftex.def)             Requested size: 597.53416pt x 845.08372pt.
File: ind_zadanie_2.pdf Graphic file (type pdf)
<use ind_zadanie_2.pdf, page 13>
Package pdftex.def Info: ind_zadanie_2.pdf , page13 used on input line 117.
(pdftex.def)             Requested size: 597.53416pt x 845.08372pt.
File: ind_zadanie_2.pdf Graphic file (type pdf)
<use ind_zadanie_2.pdf, page 13>
Package pdftex.def Info: ind_zadanie_2.pdf , page13 used on input line 117.
(pdftex.def)             Requested size: 597.53416pt x 845.08372pt.
 [56 <./ind_zadanie_2.pdf>]
<ind_zadanie_2.pdf, id=1007, page=14, 597.50829pt x 845.0471pt>
File: ind_zadanie_2.pdf Graphic file (type pdf)
<use ind_zadanie_2.pdf, page 14>
Package pdftex.def Info: ind_zadanie_2.pdf , page14 used on input line 117.
(pdftex.def)             Requested size: 597.53416pt x 845.08372pt.
File: ind_zadanie_2.pdf Graphic file (type pdf)
<use ind_zadanie_2.pdf, page 14>
Package pdftex.def Info: ind_zadanie_2.pdf , page14 used on input line 117.
(pdftex.def)             Requested size: 597.53416pt x 845.08372pt.
File: ind_zadanie_2.pdf Graphic file (type pdf)
<use ind_zadanie_2.pdf, page 14>
Package pdftex.def Info: ind_zadanie_2.pdf , page14 used on input line 117.
(pdftex.def)             Requested size: 597.53416pt x 845.08372pt.
 [57 <./ind_zadanie_2.pdf>]
<ind_zadanie_2.pdf, id=1012, page=15, 597.50829pt x 845.0471pt>
File: ind_zadanie_2.pdf Graphic file (type pdf)
<use ind_zadanie_2.pdf, page 15>
Package pdftex.def Info: ind_zadanie_2.pdf , page15 used on input line 117.
(pdftex.def)             Requested size: 597.53416pt x 845.08372pt.
File: ind_zadanie_2.pdf Graphic file (type pdf)
<use ind_zadanie_2.pdf, page 15>
Package pdftex.def Info: ind_zadanie_2.pdf , page15 used on input line 117.
(pdftex.def)             Requested size: 597.53416pt x 845.08372pt.
File: ind_zadanie_2.pdf Graphic file (type pdf)
<use ind_zadanie_2.pdf, page 15>
Package pdftex.def Info: ind_zadanie_2.pdf , page15 used on input line 117.
(pdftex.def)             Requested size: 597.53416pt x 845.08372pt.
 [58 <./ind_zadanie_2.pdf>]
<ind_zadanie_2.pdf, id=1067, page=16, 597.50829pt x 845.0471pt>
File: ind_zadanie_2.pdf Graphic file (type pdf)
<use ind_zadanie_2.pdf, page 16>
Package pdftex.def Info: ind_zadanie_2.pdf , page16 used on input line 117.
(pdftex.def)             Requested size: 597.53416pt x 845.08372pt.
File: ind_zadanie_2.pdf Graphic file (type pdf)
<use ind_zadanie_2.pdf, page 16>
Package pdftex.def Info: ind_zadanie_2.pdf , page16 used on input line 117.
(pdftex.def)             Requested size: 597.53416pt x 845.08372pt.
File: ind_zadanie_2.pdf Graphic file (type pdf)
<use ind_zadanie_2.pdf, page 16>
Package pdftex.def Info: ind_zadanie_2.pdf , page16 used on input line 117.
(pdftex.def)             Requested size: 597.53416pt x 845.08372pt.
 [59 <./ind_zadanie_2.pdf>]
<ind_zadanie_2.pdf, id=1079, page=17, 597.50829pt x 845.0471pt>
File: ind_zadanie_2.pdf Graphic file (type pdf)
<use ind_zadanie_2.pdf, page 17>
Package pdftex.def Info: ind_zadanie_2.pdf , page17 used on input line 117.
(pdftex.def)             Requested size: 597.53416pt x 845.08372pt.
File: ind_zadanie_2.pdf Graphic file (type pdf)
<use ind_zadanie_2.pdf, page 17>
Package pdftex.def Info: ind_zadanie_2.pdf , page17 used on input line 117.
(pdftex.def)             Requested size: 597.53416pt x 845.08372pt.
File: ind_zadanie_2.pdf Graphic file (type pdf)
<use ind_zadanie_2.pdf, page 17>
Package pdftex.def Info: ind_zadanie_2.pdf , page17 used on input line 117.
(pdftex.def)             Requested size: 597.53416pt x 845.08372pt.
 [60 <./ind_zadanie_2.pdf>]
<ind_zadanie_2.pdf, id=1087, page=18, 597.50829pt x 845.0471pt>
File: ind_zadanie_2.pdf Graphic file (type pdf)
<use ind_zadanie_2.pdf, page 18>
Package pdftex.def Info: ind_zadanie_2.pdf , page18 used on input line 117.
(pdftex.def)             Requested size: 597.53416pt x 845.08372pt.
File: ind_zadanie_2.pdf Graphic file (type pdf)
<use ind_zadanie_2.pdf, page 18>
Package pdftex.def Info: ind_zadanie_2.pdf , page18 used on input line 117.
(pdftex.def)             Requested size: 597.53416pt x 845.08372pt.
File: ind_zadanie_2.pdf Graphic file (type pdf)
<use ind_zadanie_2.pdf, page 18>
Package pdftex.def Info: ind_zadanie_2.pdf , page18 used on input line 117.
(pdftex.def)             Requested size: 597.53416pt x 845.08372pt.
 [61 <./ind_zadanie_2.pdf>]
<ind_zadanie_2.pdf, id=1093, page=19, 597.50829pt x 845.0471pt>
File: ind_zadanie_2.pdf Graphic file (type pdf)
<use ind_zadanie_2.pdf, page 19>
Package pdftex.def Info: ind_zadanie_2.pdf , page19 used on input line 117.
(pdftex.def)             Requested size: 597.53416pt x 845.08372pt.
File: ind_zadanie_2.pdf Graphic file (type pdf)
<use ind_zadanie_2.pdf, page 19>
Package pdftex.def Info: ind_zadanie_2.pdf , page19 used on input line 117.
(pdftex.def)             Requested size: 597.53416pt x 845.08372pt.
File: ind_zadanie_2.pdf Graphic file (type pdf)
<use ind_zadanie_2.pdf, page 19>
Package pdftex.def Info: ind_zadanie_2.pdf , page19 used on input line 117.
(pdftex.def)             Requested size: 597.53416pt x 845.08372pt.
 [62 <./ind_zadanie_2.pdf>] [63] [64]
[65] [66] [67] [68] [69]
<pres.pdf, id=1128, 364.19562pt x 273.14648pt>
File: pres.pdf Graphic file (type pdf)
<use pres.pdf>
Package pdftex.def Info: pres.pdf  used on input line 127.
(pdftex.def)             Requested size: 364.19473pt x 273.14581pt.
File: pres.pdf Graphic file (type pdf)
<use pres.pdf>
Package pdftex.def Info: pres.pdf  used on input line 127.
(pdftex.def)             Requested size: 364.19473pt x 273.14581pt.
<pres.pdf, id=1131, page=1, 364.19562pt x 273.14648pt>
File: pres.pdf Graphic file (type pdf)
<use pres.pdf, page 1>
Package pdftex.def Info: pres.pdf , page1 used on input line 127.
(pdftex.def)             Requested size: 364.19473pt x 273.14581pt.
File: pres.pdf Graphic file (type pdf)
<use pres.pdf, page 1>
Package pdftex.def Info: pres.pdf , page1 used on input line 127.
(pdftex.def)             Requested size: 597.82373pt x 448.36742pt.
 [70]
File: pres.pdf Graphic file (type pdf)
<use pres.pdf, page 1>
Package pdftex.def Info: pres.pdf , page1 used on input line 127.
(pdftex.def)             Requested size: 597.82373pt x 448.36742pt.
File: pres.pdf Graphic file (type pdf)
<use pres.pdf, page 1>
Package pdftex.def Info: pres.pdf , page1 used on input line 127.
(pdftex.def)             Requested size: 597.82373pt x 448.36742pt.
File: pres.pdf Graphic file (type pdf)
<use pres.pdf, page 1>
Package pdftex.def Info: pres.pdf , page1 used on input line 127.
(pdftex.def)             Requested size: 597.82373pt x 448.36742pt.
 [71 <./pres.pdf>]
<pres.pdf, id=1277, page=2, 364.19562pt x 273.14648pt>
File: pres.pdf Graphic file (type pdf)
<use pres.pdf, page 2>
Package pdftex.def Info: pres.pdf , page2 used on input line 127.
(pdftex.def)             Requested size: 597.82373pt x 448.36742pt.
File: pres.pdf Graphic file (type pdf)
<use pres.pdf, page 2>
Package pdftex.def Info: pres.pdf , page2 used on input line 127.
(pdftex.def)             Requested size: 597.82373pt x 448.36742pt.
File: pres.pdf Graphic file (type pdf)
<use pres.pdf, page 2>
Package pdftex.def Info: pres.pdf , page2 used on input line 127.
(pdftex.def)             Requested size: 597.82373pt x 448.36742pt.
 [72 <./pres.pdf>]
<pres.pdf, id=1402, page=3, 364.19562pt x 273.14648pt>
File: pres.pdf Graphic file (type pdf)
<use pres.pdf, page 3>
Package pdftex.def Info: pres.pdf , page3 used on input line 127.
(pdftex.def)             Requested size: 597.82373pt x 448.36742pt.
File: pres.pdf Graphic file (type pdf)
<use pres.pdf, page 3>
Package pdftex.def Info: pres.pdf , page3 used on input line 127.
(pdftex.def)             Requested size: 597.82373pt x 448.36742pt.
File: pres.pdf Graphic file (type pdf)
<use pres.pdf, page 3>
Package pdftex.def Info: pres.pdf , page3 used on input line 127.
(pdftex.def)             Requested size: 597.82373pt x 448.36742pt.
 [73 <./pres.pdf>]
<pres.pdf, id=1429, page=4, 364.19562pt x 273.14648pt>
File: pres.pdf Graphic file (type pdf)
<use pres.pdf, page 4>
Package pdftex.def Info: pres.pdf , page4 used on input line 127.
(pdftex.def)             Requested size: 597.82373pt x 448.36742pt.
File: pres.pdf Graphic file (type pdf)
<use pres.pdf, page 4>
Package pdftex.def Info: pres.pdf , page4 used on input line 127.
(pdftex.def)             Requested size: 597.82373pt x 448.36742pt.
File: pres.pdf Graphic file (type pdf)
<use pres.pdf, page 4>
Package pdftex.def Info: pres.pdf , page4 used on input line 127.
(pdftex.def)             Requested size: 597.82373pt x 448.36742pt.
 [74 <./pres.pdf>]
<pres.pdf, id=1434, page=5, 364.19562pt x 273.14648pt>
File: pres.pdf Graphic file (type pdf)
<use pres.pdf, page 5>
Package pdftex.def Info: pres.pdf , page5 used on input line 127.
(pdftex.def)             Requested size: 597.82373pt x 448.36742pt.
File: pres.pdf Graphic file (type pdf)
<use pres.pdf, page 5>
Package pdftex.def Info: pres.pdf , page5 used on input line 127.
(pdftex.def)             Requested size: 597.82373pt x 448.36742pt.
File: pres.pdf Graphic file (type pdf)
<use pres.pdf, page 5>
Package pdftex.def Info: pres.pdf , page5 used on input line 127.
(pdftex.def)             Requested size: 597.82373pt x 448.36742pt.
 [75 <./pres.pdf>]
<pres.pdf, id=1463, page=6, 364.19562pt x 273.14648pt>
File: pres.pdf Graphic file (type pdf)
<use pres.pdf, page 6>
Package pdftex.def Info: pres.pdf , page6 used on input line 127.
(pdftex.def)             Requested size: 597.82373pt x 448.36742pt.
File: pres.pdf Graphic file (type pdf)
<use pres.pdf, page 6>
Package pdftex.def Info: pres.pdf , page6 used on input line 127.
(pdftex.def)             Requested size: 597.82373pt x 448.36742pt.
File: pres.pdf Graphic file (type pdf)
<use pres.pdf, page 6>
Package pdftex.def Info: pres.pdf , page6 used on input line 127.
(pdftex.def)             Requested size: 597.82373pt x 448.36742pt.
 [76 <./pres.pdf>]
<pres.pdf, id=1468, page=7, 364.19562pt x 273.14648pt>
File: pres.pdf Graphic file (type pdf)
<use pres.pdf, page 7>
Package pdftex.def Info: pres.pdf , page7 used on input line 127.
(pdftex.def)             Requested size: 597.82373pt x 448.36742pt.
File: pres.pdf Graphic file (type pdf)
<use pres.pdf, page 7>
Package pdftex.def Info: pres.pdf , page7 used on input line 127.
(pdftex.def)             Requested size: 597.82373pt x 448.36742pt.
File: pres.pdf Graphic file (type pdf)
<use pres.pdf, page 7>
Package pdftex.def Info: pres.pdf , page7 used on input line 127.
(pdftex.def)             Requested size: 597.82373pt x 448.36742pt.
 [77 <./pres.pdf>]
<pres.pdf, id=1473, page=8, 364.19562pt x 273.14648pt>
File: pres.pdf Graphic file (type pdf)
<use pres.pdf, page 8>
Package pdftex.def Info: pres.pdf , page8 used on input line 127.
(pdftex.def)             Requested size: 597.82373pt x 448.36742pt.
File: pres.pdf Graphic file (type pdf)
<use pres.pdf, page 8>
Package pdftex.def Info: pres.pdf , page8 used on input line 127.
(pdftex.def)             Requested size: 597.82373pt x 448.36742pt.
File: pres.pdf Graphic file (type pdf)
<use pres.pdf, page 8>
Package pdftex.def Info: pres.pdf , page8 used on input line 127.
(pdftex.def)             Requested size: 597.82373pt x 448.36742pt.

[78 <./pres.pdf>]
<pres.pdf, id=1478, page=9, 364.19562pt x 273.14648pt>
File: pres.pdf Graphic file (type pdf)
<use pres.pdf, page 9>
Package pdftex.def Info: pres.pdf , page9 used on input line 127.
(pdftex.def)             Requested size: 597.82373pt x 448.36742pt.
File: pres.pdf Graphic file (type pdf)
<use pres.pdf, page 9>
Package pdftex.def Info: pres.pdf , page9 used on input line 127.
(pdftex.def)             Requested size: 597.82373pt x 448.36742pt.
File: pres.pdf Graphic file (type pdf)
<use pres.pdf, page 9>
Package pdftex.def Info: pres.pdf , page9 used on input line 127.
(pdftex.def)             Requested size: 597.82373pt x 448.36742pt.
 [79 <./pres.pdf>]
<pres.pdf, id=1484, page=10, 364.19562pt x 273.14648pt>
File: pres.pdf Graphic file (type pdf)
<use pres.pdf, page 10>
Package pdftex.def Info: pres.pdf , page10 used on input line 127.
(pdftex.def)             Requested size: 597.82373pt x 448.36742pt.
File: pres.pdf Graphic file (type pdf)
<use pres.pdf, page 10>
Package pdftex.def Info: pres.pdf , page10 used on input line 127.
(pdftex.def)             Requested size: 597.82373pt x 448.36742pt.
File: pres.pdf Graphic file (type pdf)
<use pres.pdf, page 10>
Package pdftex.def Info: pres.pdf , page10 used on input line 127.
(pdftex.def)             Requested size: 597.82373pt x 448.36742pt.
 [80 <./pres.pdf>]
<pres.pdf, id=1492, page=11, 364.19562pt x 273.14648pt>
File: pres.pdf Graphic file (type pdf)
<use pres.pdf, page 11>
Package pdftex.def Info: pres.pdf , page11 used on input line 127.
(pdftex.def)             Requested size: 597.82373pt x 448.36742pt.
File: pres.pdf Graphic file (type pdf)
<use pres.pdf, page 11>
Package pdftex.def Info: pres.pdf , page11 used on input line 127.
(pdftex.def)             Requested size: 597.82373pt x 448.36742pt.
File: pres.pdf Graphic file (type pdf)
<use pres.pdf, page 11>
Package pdftex.def Info: pres.pdf , page11 used on input line 127.
(pdftex.def)             Requested size: 597.82373pt x 448.36742pt.
 [81 <./pres.pdf>]
<pres.pdf, id=1497, page=12, 364.19562pt x 273.14648pt>
File: pres.pdf Graphic file (type pdf)
<use pres.pdf, page 12>
Package pdftex.def Info: pres.pdf , page12 used on input line 127.
(pdftex.def)             Requested size: 597.82373pt x 448.36742pt.
File: pres.pdf Graphic file (type pdf)
<use pres.pdf, page 12>
Package pdftex.def Info: pres.pdf , page12 used on input line 127.
(pdftex.def)             Requested size: 597.82373pt x 448.36742pt.
File: pres.pdf Graphic file (type pdf)
<use pres.pdf, page 12>
Package pdftex.def Info: pres.pdf , page12 used on input line 127.
(pdftex.def)             Requested size: 597.82373pt x 448.36742pt.

[82 <./pres.pdf>]
<pres.pdf, id=1502, page=13, 364.19562pt x 273.14648pt>
File: pres.pdf Graphic file (type pdf)
<use pres.pdf, page 13>
Package pdftex.def Info: pres.pdf , page13 used on input line 127.
(pdftex.def)             Requested size: 597.82373pt x 448.36742pt.
File: pres.pdf Graphic file (type pdf)
<use pres.pdf, page 13>
Package pdftex.def Info: pres.pdf , page13 used on input line 127.
(pdftex.def)             Requested size: 597.82373pt x 448.36742pt.
File: pres.pdf Graphic file (type pdf)
<use pres.pdf, page 13>
Package pdftex.def Info: pres.pdf , page13 used on input line 127.
(pdftex.def)             Requested size: 597.82373pt x 448.36742pt.
 [83 <./pres.pdf>]
<pres.pdf, id=1507, page=14, 364.19562pt x 273.14648pt>
File: pres.pdf Graphic file (type pdf)
<use pres.pdf, page 14>
Package pdftex.def Info: pres.pdf , page14 used on input line 127.
(pdftex.def)             Requested size: 597.82373pt x 448.36742pt.
File: pres.pdf Graphic file (type pdf)
<use pres.pdf, page 14>
Package pdftex.def Info: pres.pdf , page14 used on input line 127.
(pdftex.def)             Requested size: 597.82373pt x 448.36742pt.
File: pres.pdf Graphic file (type pdf)
<use pres.pdf, page 14>
Package pdftex.def Info: pres.pdf , page14 used on input line 127.
(pdftex.def)             Requested size: 597.82373pt x 448.36742pt.
 [84 <./pres.pdf>]
<pres.pdf, id=1520, page=15, 364.19562pt x 273.14648pt>
File: pres.pdf Graphic file (type pdf)
<use pres.pdf, page 15>
Package pdftex.def Info: pres.pdf , page15 used on input line 127.
(pdftex.def)             Requested size: 597.82373pt x 448.36742pt.
File: pres.pdf Graphic file (type pdf)
<use pres.pdf, page 15>
Package pdftex.def Info: pres.pdf , page15 used on input line 127.
(pdftex.def)             Requested size: 597.82373pt x 448.36742pt.
File: pres.pdf Graphic file (type pdf)
<use pres.pdf, page 15>
Package pdftex.def Info: pres.pdf , page15 used on input line 127.
(pdftex.def)             Requested size: 597.82373pt x 448.36742pt.
 [85 <./pres.pdf>]
Package atveryend Info: Empty hook `BeforeClearDocument' on input line 128.
Package atveryend Info: Empty hook `AfterLastShipout' on input line 128.

(otchet.aux)
Package atveryend Info: Executing hook `AtVeryEndDocument' on input line 128.
Package atveryend Info: Executing hook `AtEndAfterFileList' on input line 128.
Package rerunfilecheck Info: File `otchet.out' has not changed.
(rerunfilecheck)             Checksum: A4E9B1CDC0397DAE6A594060848BA493;1534.


LaTeX Font Warning: Some font shapes were not available, defaults substituted.

Package atveryend Info: Empty hook `AtVeryVeryEnd' on input line 128.
 ) 
Here is how much of TeX's memory you used:
 14734 strings out of 492970
 212856 string characters out of 3135836
 304875 words of memory out of 3000000
 18300 multiletter control sequences out of 15000+200000
 9218 words of font info for 30 fonts, out of 3000000 for 9000
 1141 hyphenation exceptions out of 8191
 43i,18n,46p,477b,509s stack positions out of 5000i,500n,10000p,200000b,50000s
 <C:\Users\los_kotyara\AppData\Local\MiKTeX\2.9\fonts\pk\ljfour\lh\lh-t2a\dpi
600\latt1200.pk> <C:\Users\los_kotyara\AppData\Local\MiKTeX\2.9\fonts\pk\ljfour
\lh\lh-t2a\dpi600\larm0600.pk> <C:\Users\los_kotyara\AppData\Local\MiKTeX\2.9\f
onts\pk\ljfour\lh\lh-t2a\dpi600\larm1440.pk><C:/Program Files/MiKTeX 2.9/fonts/
type1/public/amsfonts/cm/cmex10.pfb><C:/Program Files/MiKTeX 2.9/fonts/type1/pu
blic/amsfonts/cm/cmmi12.pfb><C:/Program Files/MiKTeX 2.9/fonts/type1/public/ams
fonts/cm/cmmi6.pfb><C:/Program Files/MiKTeX 2.9/fonts/type1/public/amsfonts/cm/
cmmi8.pfb><C:/Program Files/MiKTeX 2.9/fonts/type1/public/amsfonts/cm/cmr12.pfb
><C:/Program Files/MiKTeX 2.9/fonts/type1/public/amsfonts/cm/cmr6.pfb><C:/Progr
am Files/MiKTeX 2.9/fonts/type1/public/amsfonts/cm/cmr8.pfb><C:/Program Files/M
iKTeX 2.9/fonts/type1/public/amsfonts/cm/cmsy10.pfb><C:/Program Files/MiKTeX 2.
9/fonts/type1/public/amsfonts/cm/cmsy8.pfb>
Output written on otchet.pdf (85 pages, 2269626 bytes).
PDF statistics:
 1819 PDF objects out of 2073 (max. 8388607)
 101 named destinations out of 1000 (max. 500000)
 353 words of extra memory for PDF output out of 10000 (max. 10000000)

