This is pdfTeX, Version 3.14159265-2.6-1.40.19 (MiKTeX 2.9.6630 64-bit) (preloaded format=pdflatex 2018.6.29)  1 JUL 2018 01:47
entering extended mode
**./zadanie_4.tex
(zadanie_4.tex
LaTeX2e <2017-04-15>
Babel <3.18> and hyphenation patterns for 75 language(s) loaded.

("C:\Users\los kotyara\AppData\Local\Programs\MiKTeX 2.9\tex\latex\base\article
.cls"
Document Class: article 2014/09/29 v1.4h Standard LaTeX document class

("C:\Users\los kotyara\AppData\Local\Programs\MiKTeX 2.9\tex\latex\base\size12.
clo"
File: size12.clo 2014/09/29 v1.4h Standard LaTeX file (size option)
)
\c@part=\count79
\c@section=\count80
\c@subsection=\count81
\c@subsubsection=\count82
\c@paragraph=\count83
\c@subparagraph=\count84
\c@figure=\count85
\c@table=\count86
\abovecaptionskip=\skip41
\belowcaptionskip=\skip42
\bibindent=\dimen102
)
("C:\Users\los kotyara\AppData\Local\Programs\MiKTeX 2.9\tex\latex\base\inputen
c.sty"
Package: inputenc 2015/03/17 v1.2c Input encoding file
\inpenc@prehook=\toks14
\inpenc@posthook=\toks15

("C:\Users\los kotyara\AppData\Local\Programs\MiKTeX 2.9\tex\latex\ucs\utf8x.de
f"
File: utf8x.def 2004/10/17 UCS: Input encoding UTF-8
))
("C:\Users\los kotyara\AppData\Local\Programs\MiKTeX 2.9\tex\latex\ucs\ucs.sty"
Package: ucs 2013/05/11 v2.2 UCS: Unicode input support

("C:\Users\los kotyara\AppData\Local\Programs\MiKTeX 2.9\tex\latex\ucs\uni-glob
al.def"
File: uni-global.def 2013/05/13 UCS: Unicode global data
)
\uc@secondtry=\count87
\uc@combtoks=\toks16
\uc@combtoksb=\toks17
\uc@temptokena=\toks18
)
("C:\Users\los kotyara\AppData\Local\Programs\MiKTeX 2.9\tex\generic\babel\babe
l.sty"
Package: babel 2018/02/14 3.18 The Babel package

("C:\Users\los kotyara\AppData\Local\Programs\MiKTeX 2.9\tex\generic\babel\swit
ch.def"
File: switch.def 2018/02/14 3.18 Babel switching mechanism
)
*************************************
* Local config file bblopts.cfg used
*

("C:\Users\los kotyara\AppData\Local\Programs\MiKTeX 2.9\tex\latex\arabi\bblopt
s.cfg"
File: bblopts.cfg 2005/09/08 v0.1 add Arabic and Farsi to "declared" options of
 babel
)
("C:\Users\los kotyara\AppData\Local\Programs\MiKTeX 2.9\tex\latex\babel-russia
n\russianb.ldf"
Language: russian 2017/08/12 1.3j Russian support for the Babel system

("C:\Users\los kotyara\AppData\Local\Programs\MiKTeX 2.9\tex\generic\babel\babe
l.def"
File: babel.def 2018/02/14 3.18 Babel common definitions
\babel@savecnt=\count88
\U@D=\dimen103

("C:\Users\los kotyara\AppData\Local\Programs\MiKTeX 2.9\tex\generic\babel\txtb
abel.def")
\bbl@dirlevel=\count89
)

Package babel Warning: No Cyrillic font encoding has been loaded so far.
(babel)                A font encoding should be declared before babel.
(babel)                Default `T2A' encoding will be loaded  on input line 74.



("C:\Users\los kotyara\AppData\Local\Programs\MiKTeX 2.9\tex\latex\cyrillic\t2a
enc.def"
File: t2aenc.def 2005/09/27 v1.0i Cyrillic encoding definition file
)
Package babel Info: Making " an active character on input line 120.
Package babel Info: Default for \cyrdash is provided on input line 157.
))
("C:\Users\los kotyara\AppData\Local\Programs\MiKTeX 2.9\tex\latex\base\fontenc
.sty"
Package: fontenc 2017/04/05 v2.0i Standard LaTeX package

("C:\Users\los kotyara\AppData\Local\Programs\MiKTeX 2.9\tex\latex\base\ot1enc.
def"
File: ot1enc.def 2017/04/05 v2.0i Standard LaTeX file
LaTeX Font Info:    Redeclaring font encoding OT1 on input line 48.
))
("C:\Users\los kotyara\AppData\Local\Programs\MiKTeX 2.9\tex\latex\amsmath\amsm
ath.sty"
Package: amsmath 2017/09/02 v2.17a AMS math features
\@mathmargin=\skip43

For additional information on amsmath, use the `?' option.

("C:\Users\los kotyara\AppData\Local\Programs\MiKTeX 2.9\tex\latex\amsmath\amst
ext.sty"
Package: amstext 2000/06/29 v2.01 AMS text

("C:\Users\los kotyara\AppData\Local\Programs\MiKTeX 2.9\tex\latex\amsmath\amsg
en.sty"
File: amsgen.sty 1999/11/30 v2.0 generic functions
\@emptytoks=\toks19
\ex@=\dimen104
))
("C:\Users\los kotyara\AppData\Local\Programs\MiKTeX 2.9\tex\latex\amsmath\amsb
sy.sty"
Package: amsbsy 1999/11/29 v1.2d Bold Symbols
\pmbraise@=\dimen105
)
("C:\Users\los kotyara\AppData\Local\Programs\MiKTeX 2.9\tex\latex\amsmath\amso
pn.sty"
Package: amsopn 2016/03/08 v2.02 operator names
)
\inf@bad=\count90
LaTeX Info: Redefining \frac on input line 213.
\uproot@=\count91
\leftroot@=\count92
LaTeX Info: Redefining \overline on input line 375.
\classnum@=\count93
\DOTSCASE@=\count94
LaTeX Info: Redefining \ldots on input line 472.
LaTeX Info: Redefining \dots on input line 475.
LaTeX Info: Redefining \cdots on input line 596.
\Mathstrutbox@=\box26
\strutbox@=\box27
\big@size=\dimen106
LaTeX Font Info:    Redeclaring font encoding OML on input line 712.
LaTeX Font Info:    Redeclaring font encoding OMS on input line 713.
\macc@depth=\count95
\c@MaxMatrixCols=\count96
\dotsspace@=\muskip10
\c@parentequation=\count97
\dspbrk@lvl=\count98
\tag@help=\toks20
\row@=\count99
\column@=\count100
\maxfields@=\count101
\andhelp@=\toks21
\eqnshift@=\dimen107
\alignsep@=\dimen108
\tagshift@=\dimen109
\tagwidth@=\dimen110
\totwidth@=\dimen111
\lineht@=\dimen112
\@envbody=\toks22
\multlinegap=\skip44
\multlinetaggap=\skip45
\mathdisplay@stack=\toks23
LaTeX Info: Redefining \[ on input line 2817.
LaTeX Info: Redefining \] on input line 2818.
)
("C:\Users\los kotyara\AppData\Local\Programs\MiKTeX 2.9\tex\latex\amsfonts\ams
fonts.sty"
Package: amsfonts 2013/01/14 v3.01 Basic AMSFonts support
\symAMSa=\mathgroup4
\symAMSb=\mathgroup5
LaTeX Font Info:    Overwriting math alphabet `\mathfrak' in version `bold'
(Font)                  U/euf/m/n --> U/euf/b/n on input line 106.
)
("C:\Users\los kotyara\AppData\Local\Programs\MiKTeX 2.9\tex\latex\amsfonts\ams
symb.sty"
Package: amssymb 2013/01/14 v3.01 AMS font symbols
) (zadanie_4.aux
LaTeX Font Info:    Try loading font information for T2A+cmr on input line 3.

("C:\Users\los kotyara\AppData\Local\Programs\MiKTeX 2.9\tex\latex\cyrillic\t2a
cmr.fd"
File: t2acmr.fd 2001/08/11 v1.0a Computer Modern Cyrillic font definitions
))
\openout1 = `zadanie_4.aux'.

LaTeX Font Info:    Checking defaults for OML/cmm/m/it on input line 15.
LaTeX Font Info:    ... okay on input line 15.
LaTeX Font Info:    Checking defaults for T1/cmr/m/n on input line 15.
LaTeX Font Info:    ... okay on input line 15.
LaTeX Font Info:    Checking defaults for OT1/cmr/m/n on input line 15.
LaTeX Font Info:    ... okay on input line 15.
LaTeX Font Info:    Checking defaults for OMS/cmsy/m/n on input line 15.
LaTeX Font Info:    ... okay on input line 15.
LaTeX Font Info:    Checking defaults for OMX/cmex/m/n on input line 15.
LaTeX Font Info:    ... okay on input line 15.
LaTeX Font Info:    Checking defaults for U/cmr/m/n on input line 15.
LaTeX Font Info:    ... okay on input line 15.
LaTeX Font Info:    Checking defaults for T2A/cmr/m/n on input line 15.
LaTeX Font Info:    ... okay on input line 15.

("C:\Users\los kotyara\AppData\Local\Programs\MiKTeX 2.9\tex\latex\ucs\ucsencs.
def"
File: ucsencs.def 2011/01/21 Fixes to fontencodings LGR, T3
)
("C:\Users\los kotyara\AppData\Local\Programs\MiKTeX 2.9\tex\latex\ucs\uni-4.de
f"
File: uni-4.def 2013/05/13 UCS: Unicode data U+0400..U+04FF
)
Underfull \hbox (badness 10000) in paragraph at lines 16--17

 []

LaTeX Font Info:    Try loading font information for U+msa on input line 17.

("C:\Users\los kotyara\AppData\Local\Programs\MiKTeX 2.9\tex\latex\amsfonts\ums
a.fd"
File: umsa.fd 2013/01/14 v3.01 AMS symbols A
)
LaTeX Font Info:    Try loading font information for U+msb on input line 17.

("C:\Users\los kotyara\AppData\Local\Programs\MiKTeX 2.9\tex\latex\amsfonts\ums
b.fd"
File: umsb.fd 2013/01/14 v3.01 AMS symbols B
)
Underfull \hbox (badness 10000) in paragraph at lines 17--25

 []


Underfull \hbox (badness 10000) in paragraph at lines 30--55

 []


("C:\Users\los kotyara\AppData\Local\Programs\MiKTeX 2.9\tex\latex\ucs\uni-32.d
ef"
File: uni-32.def 2013/05/13 UCS: Unicode data U+2000..U+20FF
)
Underfull \hbox (badness 10000) in paragraph at lines 55--56

 []


Underfull \hbox (badness 10000) in paragraph at lines 59--60

 []


Underfull \hbox (badness 10000) in paragraph at lines 60--72

 []

[1

{C:/Users/los kotyara/AppData/Local/MiKTeX/2.9/pdftex/config/pdftex.map}]
Overfull \hbox (50.42882pt too wide) detected at line 101
[] \OML/cmm/m/it/12 ;  [] ;  []
 []


Underfull \hbox (badness 10000) in paragraph at lines 115--116

 []


Underfull \hbox (badness 10000) in paragraph at lines 117--119

 []


Underfull \hbox (badness 10000) in paragraph at lines 119--142

 []

[2] (zadanie_4.aux) ) 
Here is how much of TeX's memory you used:
 3444 strings out of 493305
 43002 string characters out of 3127190
 108237 words of memory out of 3000000
 6978 multiletter control sequences out of 15000+200000
 10776 words of font info for 35 fonts, out of 3000000 for 9000
 1141 hyphenation exceptions out of 8191
 27i,10n,24p,525b,570s stack positions out of 5000i,500n,10000p,200000b,50000s
 <C:\Users\los kotyara\AppData\Local\MiKTeX\2.9\fonts\pk\l
jfour\lh\lh-t2a\dpi600\labx1200.pk> <C:\Users\los kotyara\AppData\Local\MiKTeX\
2.9\fonts\pk\ljfour\lh\lh-t2a\dpi600\lati1200.pk> <C:\Users\los kotyara\AppData
\Local\MiKTeX\2.9\fonts\pk\ljfour\lh\lh-t2a\dpi600\larm1200.pk><C:/Users/los ko
tyara/AppData/Local/Programs/MiKTeX 2.9/fonts/type1/public/amsfonts/cm/cmex10.p
fb><C:/Users/los kotyara/AppData/Local/Programs/MiKTeX 2.9/fonts/type1/public/a
msfonts/cm/cmmi12.pfb><C:/Users/los kotyara/AppData/Local/Programs/MiKTeX 2.9/f
onts/type1/public/amsfonts/cm/cmmi8.pfb><C:/Users/los kotyara/AppData/Local/Pro
grams/MiKTeX 2.9/fonts/type1/public/amsfonts/cm/cmr12.pfb><C:/Users/los kotyara
/AppData/Local/Programs/MiKTeX 2.9/fonts/type1/public/amsfonts/cm/cmr8.pfb><C:/
Users/los kotyara/AppData/Local/Programs/MiKTeX 2.9/fonts/type1/public/amsfonts
/cm/cmsy10.pfb><C:/Users/los kotyara/AppData/Local/Programs/MiKTeX 2.9/fonts/ty
pe1/public/amsfonts/cm/cmsy6.pfb><C:/Users/los kotyara/AppData/Local/Programs/M
iKTeX 2.9/fonts/type1/public/amsfonts/cm/cmsy8.pfb><C:/Users/los kotyara/AppDat
a/Local/Programs/MiKTeX 2.9/fonts/type1/public/amsfonts/symbols/msbm10.pfb>
Output written on zadanie_4.pdf (2 pages, 111788 bytes).
PDF statistics:
 136 PDF objects out of 1000 (max. 8388607)
 0 named destinations out of 1000 (max. 500000)
 1 words of extra memory for PDF output out of 10000 (max. 10000000)

