This is pdfTeX, Version 3.14159265-2.6-1.40.19 (MiKTeX 2.9.6630 64-bit) (preloaded format=pdflatex 2018.6.29)  5 JUL 2018 20:41
entering extended mode
**./task9.tex
(task9.tex
LaTeX2e <2017-04-15>
Babel <3.18> and hyphenation patterns for 75 language(s) loaded.

("C:\Users\–ü–æ–ª—å–∑–æ–≤–∞—Ç–µ–ª—å\AppData\Local\Programs\MiKTeX 2.9\tex\latex
\base\article.cls"
Document Class: article 2014/09/29 v1.4h Standard LaTeX document class

("C:\Users\–ü–æ–ª—å–∑–æ–≤–∞—Ç–µ–ª—å\AppData\Local\Programs\MiKTeX 2.9\tex\latex
\base\size10.clo"
File: size10.clo 2014/09/29 v1.4h Standard LaTeX file (size option)
)
\c@part=\count79
\c@section=\count80
\c@subsection=\count81
\c@subsubsection=\count82
\c@paragraph=\count83
\c@subparagraph=\count84
\c@figure=\count85
\c@table=\count86
\abovecaptionskip=\skip41
\belowcaptionskip=\skip42
\bibindent=\dimen102
)
("C:\Users\–ü–æ–ª—å–∑–æ–≤–∞—Ç–µ–ª—å\AppData\Local\Programs\MiKTeX 2.9\tex\latex
\tools\enumerate.sty"
Package: enumerate 2015/07/23 v3.00 enumerate extensions (DPC)
\@enLab=\toks14
)
("C:\Users\–ü–æ–ª—å–∑–æ–≤–∞—Ç–µ–ª—å\AppData\Local\Programs\MiKTeX 2.9\tex\latex
\base\inputenc.sty"
Package: inputenc 2015/03/17 v1.2c Input encoding file
\inpenc@prehook=\toks15
\inpenc@posthook=\toks16

("C:\Users\–ü–æ–ª—å–∑–æ–≤–∞—Ç–µ–ª—å\AppData\Local\Programs\MiKTeX 2.9\tex\latex
\ucs\utf8x.def"
File: utf8x.def 2004/10/17 UCS: Input encoding UTF-8
))
("C:\Users\–ü–æ–ª—å–∑–æ–≤–∞—Ç–µ–ª—å\AppData\Local\Programs\MiKTeX 2.9\tex\latex
\ucs\ucs.sty"
Package: ucs 2013/05/11 v2.2 UCS: Unicode input support

("C:\Users\–ü–æ–ª—å–∑–æ–≤–∞—Ç–µ–ª—å\AppData\Local\Programs\MiKTeX 2.9\tex\latex
\ucs\uni-global.def"
File: uni-global.def 2013/05/13 UCS: Unicode global data
)
\uc@secondtry=\count87
\uc@combtoks=\toks17
\uc@combtoksb=\toks18
\uc@temptokena=\toks19
)
("C:\Users\–ü–æ–ª—å–∑–æ–≤–∞—Ç–µ–ª—å\AppData\Local\Programs\MiKTeX 2.9\tex\gener
ic\babel\babel.sty"
Package: babel 2018/02/14 3.18 The Babel package

("C:\Users\–ü–æ–ª—å–∑–æ–≤–∞—Ç–µ–ª—å\AppData\Local\Programs\MiKTeX 2.9\tex\gener
ic\babel\switch.def"
File: switch.def 2018/02/14 3.18 Babel switching mechanism
)
*************************************
* Local config file bblopts.cfg used
*
("C:\Program Files\MiKTeX 2.9\tex\latex\arabi\bblopts.cfg"
File: bblopts.cfg 2005/09/08 v0.1 add Arabic and Farsi to "declared" options of
 babel
)
("C:\Program Files\MiKTeX 2.9\tex\latex\babel-russian\russianb.ldf"
Language: russian 2017/08/12 1.3j Russian support for the Babel system

("C:\Users\–ü–æ–ª—å–∑–æ–≤–∞—Ç–µ–ª—å\AppData\Local\Programs\MiKTeX 2.9\tex\gener
ic\babel\babel.def"
File: babel.def 2018/02/14 3.18 Babel common definitions
\babel@savecnt=\count88
\U@D=\dimen103

("C:\Users\–ü–æ–ª—å–∑–æ–≤–∞—Ç–µ–ª—å\AppData\Local\Programs\MiKTeX 2.9\tex\gener
ic\babel\txtbabel.def")
\bbl@dirlevel=\count89
)

Package babel Warning: No Cyrillic font encoding has been loaded so far.
(babel)                A font encoding should be declared before babel.
(babel)                Default `T2A' encoding will be loaded  on input line 74.



("C:\Users\–ü–æ–ª—å–∑–æ–≤–∞—Ç–µ–ª—å\AppData\Local\Programs\MiKTeX 2.9\tex\latex
\cyrillic\t2aenc.def"
File: t2aenc.def 2005/09/27 v1.0i Cyrillic encoding definition file
)
Package babel Info: Making " an active character on input line 120.
Package babel Info: Default for \cyrdash is provided on input line 157.
))
("C:\Users\–ü–æ–ª—å–∑–æ–≤–∞—Ç–µ–ª—å\AppData\Local\Programs\MiKTeX 2.9\tex\latex
\graphics\color.sty"
Package: color 2016/07/10 v1.1e Standard LaTeX Color (DPC)

("C:\Users\–ü–æ–ª—å–∑–æ–≤–∞—Ç–µ–ª—å\AppData\Local\Programs\MiKTeX 2.9\tex\latex
\graphics-cfg\color.cfg"
File: color.cfg 2016/01/02 v1.6 sample color configuration
)
Package color Info: Driver file: pdftex.def on input line 147.

("C:\Users\–ü–æ–ª—å–∑–æ–≤–∞—Ç–µ–ª—å\AppData\Local\Programs\MiKTeX 2.9\tex\latex
\graphics-def\pdftex.def"
File: pdftex.def 2018/01/08 v1.0l Graphics/color driver for pdftex
))
("C:\Program Files\MiKTeX 2.9\tex\latex\ulem\ulem.sty"
\UL@box=\box26
\UL@hyphenbox=\box27
\UL@skip=\skip43
\UL@hook=\toks20
\UL@height=\dimen104
\UL@pe=\count90
\UL@pixel=\dimen105
\ULC@box=\box28
Package: ulem 2012/05/18
\ULdepth=\dimen106
)
("C:\Users\–ü–æ–ª—å–∑–æ–≤–∞—Ç–µ–ª—å\AppData\Local\Programs\MiKTeX 2.9\tex\latex
\amsfonts\amssymb.sty"
Package: amssymb 2013/01/14 v3.01 AMS font symbols

("C:\Users\–ü–æ–ª—å–∑–æ–≤–∞—Ç–µ–ª—å\AppData\Local\Programs\MiKTeX 2.9\tex\latex
\amsfonts\amsfonts.sty"
Package: amsfonts 2013/01/14 v3.01 Basic AMSFonts support
\@emptytoks=\toks21
\symAMSa=\mathgroup4
\symAMSb=\mathgroup5
LaTeX Font Info:    Overwriting math alphabet `\mathfrak' in version `bold'
(Font)                  U/euf/m/n --> U/euf/b/n on input line 106.
))
("C:\Users\–ü–æ–ª—å–∑–æ–≤–∞—Ç–µ–ª—å\AppData\Local\Programs\MiKTeX 2.9\tex\latex
\amsmath\amsmath.sty"
Package: amsmath 2017/09/02 v2.17a AMS math features
\@mathmargin=\skip44

For additional information on amsmath, use the `?' option.

("C:\Users\–ü–æ–ª—å–∑–æ–≤–∞—Ç–µ–ª—å\AppData\Local\Programs\MiKTeX 2.9\tex\latex
\amsmath\amstext.sty"
Package: amstext 2000/06/29 v2.01 AMS text

("C:\Users\–ü–æ–ª—å–∑–æ–≤–∞—Ç–µ–ª—å\AppData\Local\Programs\MiKTeX 2.9\tex\latex
\amsmath\amsgen.sty"
File: amsgen.sty 1999/11/30 v2.0 generic functions
\@emptytoks=\toks22
\ex@=\dimen107
))
("C:\Users\–ü–æ–ª—å–∑–æ–≤–∞—Ç–µ–ª—å\AppData\Local\Programs\MiKTeX 2.9\tex\latex
\amsmath\amsbsy.sty"
Package: amsbsy 1999/11/29 v1.2d Bold Symbols
\pmbraise@=\dimen108
)
("C:\Users\–ü–æ–ª—å–∑–æ–≤–∞—Ç–µ–ª—å\AppData\Local\Programs\MiKTeX 2.9\tex\latex
\amsmath\amsopn.sty"
Package: amsopn 2016/03/08 v2.02 operator names
)
\inf@bad=\count91
LaTeX Info: Redefining \frac on input line 213.
\uproot@=\count92
\leftroot@=\count93
LaTeX Info: Redefining \overline on input line 375.
\classnum@=\count94
\DOTSCASE@=\count95
LaTeX Info: Redefining \ldots on input line 472.
LaTeX Info: Redefining \dots on input line 475.
LaTeX Info: Redefining \cdots on input line 596.
\Mathstrutbox@=\box29
\strutbox@=\box30
\big@size=\dimen109
LaTeX Font Info:    Redeclaring font encoding OML on input line 712.
LaTeX Font Info:    Redeclaring font encoding OMS on input line 713.
\macc@depth=\count96
\c@MaxMatrixCols=\count97
\dotsspace@=\muskip10
\c@parentequation=\count98
\dspbrk@lvl=\count99
\tag@help=\toks23
\row@=\count100
\column@=\count101
\maxfields@=\count102
\andhelp@=\toks24
\eqnshift@=\dimen110
\alignsep@=\dimen111
\tagshift@=\dimen112
\tagwidth@=\dimen113
\totwidth@=\dimen114
\lineht@=\dimen115
\@envbody=\toks25
\multlinegap=\skip45
\multlinetaggap=\skip46
\mathdisplay@stack=\toks26
LaTeX Info: Redefining \[ on input line 2817.
LaTeX Info: Redefining \] on input line 2818.
)
("C:\Program Files\MiKTeX 2.9\tex\latex\mathtools\mathtools.sty"
Package: mathtools 2018/01/08 v1.21 mathematical typesetting tools

("C:\Users\–ü–æ–ª—å–∑–æ–≤–∞—Ç–µ–ª—å\AppData\Local\Programs\MiKTeX 2.9\tex\latex
\graphics\keyval.sty"
Package: keyval 2014/10/28 v1.15 key=value parser (DPC)
\KV@toks@=\toks27
)
("C:\Users\–ü–æ–ª—å–∑–æ–≤–∞—Ç–µ–ª—å\AppData\Local\Programs\MiKTeX 2.9\tex\latex
\tools\calc.sty"
Package: calc 2014/10/28 v4.3 Infix arithmetic (KKT,FJ)
\calc@Acount=\count103
\calc@Bcount=\count104
\calc@Adimen=\dimen116
\calc@Bdimen=\dimen117
\calc@Askip=\skip47
\calc@Bskip=\skip48
LaTeX Info: Redefining \setlength on input line 80.
LaTeX Info: Redefining \addtolength on input line 81.
\calc@Ccount=\count105
\calc@Cskip=\skip49
) ("C:\Program Files\MiKTeX 2.9\tex\latex\mathtools\mhsetup.sty"
Package: mhsetup 2017/03/31 v1.3 programming setup (MH)
)
LaTeX Info: Thecontrolsequence`\('isalreadyrobust on input line 129.
LaTeX Info: Thecontrolsequence`\)'isalreadyrobust on input line 129.
LaTeX Info: Thecontrolsequence`\['isalreadyrobust on input line 129.
LaTeX Info: Thecontrolsequence`\]'isalreadyrobust on input line 129.
\g_MT_multlinerow_int=\count106
\l_MT_multwidth_dim=\dimen118
\origjot=\skip50
\l_MT_shortvdotswithinadjustabove_dim=\dimen119
\l_MT_shortvdotswithinadjustbelow_dim=\dimen120
\l_MT_above_intertext_sep=\dimen121
\l_MT_below_intertext_sep=\dimen122
\l_MT_above_shortintertext_sep=\dimen123
\l_MT_below_shortintertext_sep=\dimen124
)
("C:\Users\–ü–æ–ª—å–∑–æ–≤–∞—Ç–µ–ª—å\AppData\Local\Programs\MiKTeX 2.9\tex\latex
\graphics\graphicx.sty"
Package: graphicx 2017/06/01 v1.1a Enhanced LaTeX Graphics (DPC,SPQR)

("C:\Users\–ü–æ–ª—å–∑–æ–≤–∞—Ç–µ–ª—å\AppData\Local\Programs\MiKTeX 2.9\tex\latex
\graphics\graphics.sty"
Package: graphics 2017/06/25 v1.2c Standard LaTeX Graphics (DPC,SPQR)

("C:\Users\–ü–æ–ª—å–∑–æ–≤–∞—Ç–µ–ª—å\AppData\Local\Programs\MiKTeX 2.9\tex\latex
\graphics\trig.sty"
Package: trig 2016/01/03 v1.10 sin cos tan (DPC)
)
("C:\Users\–ü–æ–ª—å–∑–æ–≤–∞—Ç–µ–ª—å\AppData\Local\Programs\MiKTeX 2.9\tex\latex
\graphics-cfg\graphics.cfg"
File: graphics.cfg 2016/06/04 v1.11 sample graphics configuration
)
Package graphics Info: Driver file: pdftex.def on input line 99.
)
\Gin@req@height=\dimen125
\Gin@req@width=\dimen126
)
No file task9.aux.
\openout1 = `task9.aux'.

LaTeX Font Info:    Checking defaults for OML/cmm/m/it on input line 13.
LaTeX Font Info:    ... okay on input line 13.
LaTeX Font Info:    Checking defaults for T1/cmr/m/n on input line 13.
LaTeX Font Info:    ... okay on input line 13.
LaTeX Font Info:    Checking defaults for OT1/cmr/m/n on input line 13.
LaTeX Font Info:    ... okay on input line 13.
LaTeX Font Info:    Checking defaults for OMS/cmsy/m/n on input line 13.
LaTeX Font Info:    ... okay on input line 13.
LaTeX Font Info:    Checking defaults for OMX/cmex/m/n on input line 13.
LaTeX Font Info:    ... okay on input line 13.
LaTeX Font Info:    Checking defaults for U/cmr/m/n on input line 13.
LaTeX Font Info:    ... okay on input line 13.
LaTeX Font Info:    Checking defaults for T2A/cmr/m/n on input line 13.
LaTeX Font Info:    Try loading font information for T2A+cmr on input line 13.

("C:\Users\–ü–æ–ª—å–∑–æ–≤–∞—Ç–µ–ª—å\AppData\Local\Programs\MiKTeX 2.9\tex\latex
\cyrillic\t2acmr.fd"
File: t2acmr.fd 2001/08/11 v1.0a Computer Modern Cyrillic font definitions
)
LaTeX Font Info:    ... okay on input line 13.

("C:\Users\–ü–æ–ª—å–∑–æ–≤–∞—Ç–µ–ª—å\AppData\Local\Programs\MiKTeX 2.9\tex\latex
\ucs\ucsencs.def"
File: ucsencs.def 2011/01/21 Fixes to fontencodings LGR, T3
) ("C:\Program Files\MiKTeX 2.9\tex\context\base\supp-pdf.mkii"
[Loading MPS to PDF converter (version 2006.09.02).]
\scratchcounter=\count107
\scratchdimen=\dimen127
\scratchbox=\box31
\nofMPsegments=\count108
\nofMParguments=\count109
\everyMPshowfont=\toks28
\MPscratchCnt=\count110
\MPscratchDim=\dimen128
\MPnumerator=\count111
\makeMPintoPDFobject=\count112
\everyMPtoPDFconversion=\toks29
)
("C:\Users\–ü–æ–ª—å–∑–æ–≤–∞—Ç–µ–ª—å\AppData\Local\Programs\MiKTeX 2.9\tex\latex
\oberdiek\epstopdf-base.sty"
Package: epstopdf-base 2016/05/15 v2.6 Base part for package epstopdf

("C:\Users\–ü–æ–ª—å–∑–æ–≤–∞—Ç–µ–ª—å\AppData\Local\Programs\MiKTeX 2.9\tex\gener
ic\oberdiek\infwarerr.sty"
Package: infwarerr 2016/05/16 v1.4 Providing info/warning/error messages (HO)
)
("C:\Users\–ü–æ–ª—å–∑–æ–≤–∞—Ç–µ–ª—å\AppData\Local\Programs\MiKTeX 2.9\tex\latex
\oberdiek\grfext.sty"
Package: grfext 2016/05/16 v1.2 Manage graphics extensions (HO)

("C:\Users\–ü–æ–ª—å–∑–æ–≤–∞—Ç–µ–ª—å\AppData\Local\Programs\MiKTeX 2.9\tex\gener
ic\oberdiek\kvdefinekeys.sty"
Package: kvdefinekeys 2016/05/16 v1.4 Define keys (HO)

("C:\Users\–ü–æ–ª—å–∑–æ–≤–∞—Ç–µ–ª—å\AppData\Local\Programs\MiKTeX 2.9\tex\gener
ic\oberdiek\ltxcmds.sty"
Package: ltxcmds 2016/05/16 v1.23 LaTeX kernel commands for general use (HO)
)))
("C:\Users\–ü–æ–ª—å–∑–æ–≤–∞—Ç–µ–ª—å\AppData\Local\Programs\MiKTeX 2.9\tex\latex
\oberdiek\kvoptions.sty"
Package: kvoptions 2016/05/16 v3.12 Key value format for package options (HO)

("C:\Users\–ü–æ–ª—å–∑–æ–≤–∞—Ç–µ–ª—å\AppData\Local\Programs\MiKTeX 2.9\tex\gener
ic\oberdiek\kvsetkeys.sty"
Package: kvsetkeys 2016/05/16 v1.17 Key value parser (HO)

("C:\Users\–ü–æ–ª—å–∑–æ–≤–∞—Ç–µ–ª—å\AppData\Local\Programs\MiKTeX 2.9\tex\gener
ic\oberdiek\etexcmds.sty"
Package: etexcmds 2016/05/16 v1.6 Avoid name clashes with e-TeX commands (HO)

("C:\Users\–ü–æ–ª—å–∑–æ–≤–∞—Ç–µ–ª—å\AppData\Local\Programs\MiKTeX 2.9\tex\gener
ic\oberdiek\ifluatex.sty"
Package: ifluatex 2016/05/16 v1.4 Provides the ifluatex switch (HO)
Package ifluatex Info: LuaTeX not detected.
)
Package etexcmds Info: Could not find \expanded.
(etexcmds)             That can mean that you are not using pdfTeX 1.50 or
(etexcmds)             that some package has redefined \expanded.
(etexcmds)             In the latter case, load this package earlier.
)))
("C:\Users\–ü–æ–ª—å–∑–æ–≤–∞—Ç–µ–ª—å\AppData\Local\Programs\MiKTeX 2.9\tex\gener
ic\oberdiek\pdftexcmds.sty"
Package: pdftexcmds 2018/01/21 v0.26 Utility functions of pdfTeX for LuaTeX (HO
)

("C:\Users\–ü–æ–ª—å–∑–æ–≤–∞—Ç–µ–ª—å\AppData\Local\Programs\MiKTeX 2.9\tex\gener
ic\oberdiek\ifpdf.sty"
Package: ifpdf 2017/03/15 v3.2 Provides the ifpdf switch
)
Package pdftexcmds Info: LuaTeX not detected.
Package pdftexcmds Info: \pdf@primitive is available.
Package pdftexcmds Info: \pdf@ifprimitive is available.
Package pdftexcmds Info: \pdfdraftmode found.
)
Package epstopdf-base Info: Redefining graphics rule for `.eps' on input line 4
38.
Package grfext Info: Graphics extension search list:
(grfext)             [.pdf,.png,.jpg,.mps,.jpeg,.jbig2,.jb2,.PDF,.PNG,.JPG,.JPE
G,.JBIG2,.JB2,.eps]
(grfext)             \AppendGraphicsExtensions on input line 456.
)
("C:\Users\–ü–æ–ª—å–∑–æ–≤–∞—Ç–µ–ª—å\AppData\Local\Programs\MiKTeX 2.9\tex\latex
\ucs\uni-4.def"
File: uni-4.def 2013/05/13 UCS: Unicode data U+0400..U+04FF
)
Overfull \hbox (4.63968pt too wide) in paragraph at lines 52--54
[]\T2A/cmr/m/n/10 »Õ—“»“”“ ƒŒ-œŒÀ-Õ»-“≈À‹-ÕŒ-√Œ œ–Œ-‘≈—-—»-Œ-Õ¿À‹-ÕŒ-√Œ Œ¡-
 []

[1

{C:/Users/–ü–æ–ª—å–∑–æ–≤–∞—Ç–µ–ª—å/AppData/Local/MiKTeX/2.9/pdftex/config/pdfte
x.map}] [2] [3] [4]
Overfull \hbox (2.69571pt too wide) in paragraph at lines 199--201
[]\T2A/cmr/m/n/10 ‘¿ ”À‹“≈“ œ—»’ŒÀŒ√Œ-œ≈ƒ¿√Œ√»◊≈— Œ√Œ » —œ≈-÷»-¿À‹-
 []


Overfull \hbox (6.2313pt too wide) in paragraph at lines 209--210
[]\T2A/cmr/m/n/10 —ÔÂˆË‡Î¸ÌÓÂ (‰Â-ÙÂÍ-ÚÓ-ÎÓ-„Ë-˜Â-ÒÍÓÂ) Ó·‡ÁÓ‚‡ÌËÂ-ÒÛ‰ÓÔÂ‰ ¡‡
-Í‡-Î‡‚ 
 []


Overfull \hbox (0.53824pt too wide) in paragraph at lines 215--216
[]\T2A/cmr/m/n/10 —ÔÂˆË‡Î¸ÌÓÂ (‰Â-ÙÂÍ-ÚÓ-ÎÓ-„Ë-˜Â-ÒÍÓÂ) Ó·‡ÁÓ‚‡ÌËÂ-ÔÒËı ÔÂ‰ ÒÓ
Ô Ã‡-
 []


Overfull \hbox (3.87076pt too wide) in paragraph at lines 216--217
[]\T2A/cmr/m/n/10 —ÔÂˆË‡Î¸ÌÓÂ (‰Â-ÙÂÍ-ÚÓ-ÎÓ-„Ë-˜Â-ÒÍÓÂ) Ó·‡ÁÓ‚‡ÌËÂ-ÒÔÂˆ ÔÒËı Ã
‡-„ËÒÚ 
 []

[5] [6] (task9.aux) ) 
Here is how much of TeX's memory you used:
 4971 strings out of 493305
 69929 string characters out of 3121537
 137944 words of memory out of 3000000
 8454 multiletter control sequences out of 15000+200000
 4543 words of font info for 16 fonts, out of 3000000 for 9000
 1141 hyphenation exceptions out of 8191
 41i,5n,26p,323b,644s stack positions out of 5000i,500n,10000p,200000b,50000s
 <C:\Users\–ü–æ–ª—å–∑–æ–≤–∞—Ç–µ–ª—å\AppData\Local\MiKTeX\2
.9\fonts\pk\ljfour\lh\lh-t2a\dpi600\larm1000.pk>
Output written on task9.pdf (6 pages, 38451 bytes).
PDF statistics:
 118 PDF objects out of 1000 (max. 8388607)
 0 named destinations out of 1000 (max. 500000)
 1 words of extra memory for PDF output out of 10000 (max. 10000000)

