This is pdfTeX, Version 3.14159265-2.6-1.40.19 (MiKTeX 2.9.6630 64-bit) (preloaded format=pdflatex 2018.6.29)  5 JUL 2018 17:16
entering extended mode
**./task9.tex
(task9.tex
LaTeX2e <2017-04-15>
Babel <3.18> and hyphenation patterns for 75 language(s) loaded.

("C:\Users\–ü–æ–ª—å–∑–æ–≤–∞—Ç–µ–ª—å\AppData\Local\Programs\MiKTeX 2.9\tex\latex
\base\article.cls"
Document Class: article 2014/09/29 v1.4h Standard LaTeX document class

("C:\Users\–ü–æ–ª—å–∑–æ–≤–∞—Ç–µ–ª—å\AppData\Local\Programs\MiKTeX 2.9\tex\latex
\base\size10.clo"
File: size10.clo 2014/09/29 v1.4h Standard LaTeX file (size option)
)
\c@part=\count79
\c@section=\count80
\c@subsection=\count81
\c@subsubsection=\count82
\c@paragraph=\count83
\c@subparagraph=\count84
\c@figure=\count85
\c@table=\count86
\abovecaptionskip=\skip41
\belowcaptionskip=\skip42
\bibindent=\dimen102
)
("C:\Users\–ü–æ–ª—å–∑–æ–≤–∞—Ç–µ–ª—å\AppData\Local\Programs\MiKTeX 2.9\tex\latex
\base\fontenc.sty"
Package: fontenc 2017/04/05 v2.0i Standard LaTeX package

("C:\Users\–ü–æ–ª—å–∑–æ–≤–∞—Ç–µ–ª—å\AppData\Local\Programs\MiKTeX 2.9\tex\latex
\cyrillic\t2aenc.def"
File: t2aenc.def 2005/09/27 v1.0i Cyrillic encoding definition file
)
LaTeX Font Info:    Try loading font information for T2A+cmr on input line 105.


("C:\Users\–ü–æ–ª—å–∑–æ–≤–∞—Ç–µ–ª—å\AppData\Local\Programs\MiKTeX 2.9\tex\latex
\cyrillic\t2acmr.fd"
File: t2acmr.fd 2001/08/11 v1.0a Computer Modern Cyrillic font definitions
))
("C:\Users\–ü–æ–ª—å–∑–æ–≤–∞—Ç–µ–ª—å\AppData\Local\Programs\MiKTeX 2.9\tex\latex
\base\inputenc.sty"
Package: inputenc 2015/03/17 v1.2c Input encoding file
\inpenc@prehook=\toks14
\inpenc@posthook=\toks15

("C:\Users\–ü–æ–ª—å–∑–æ–≤–∞—Ç–µ–ª—å\AppData\Local\Programs\MiKTeX 2.9\tex\latex
\cyrillic\cp1251.def"
File: cp1251.def 2014/10/28 v1.0d Input encoding file
))
("C:\Users\–ü–æ–ª—å–∑–æ–≤–∞—Ç–µ–ª—å\AppData\Local\Programs\MiKTeX 2.9\tex\latex
\graphics\graphicx.sty"
Package: graphicx 2017/06/01 v1.1a Enhanced LaTeX Graphics (DPC,SPQR)

("C:\Users\–ü–æ–ª—å–∑–æ–≤–∞—Ç–µ–ª—å\AppData\Local\Programs\MiKTeX 2.9\tex\latex
\graphics\keyval.sty"
Package: keyval 2014/10/28 v1.15 key=value parser (DPC)
\KV@toks@=\toks16
)
("C:\Users\–ü–æ–ª—å–∑–æ–≤–∞—Ç–µ–ª—å\AppData\Local\Programs\MiKTeX 2.9\tex\latex
\graphics\graphics.sty"
Package: graphics 2017/06/25 v1.2c Standard LaTeX Graphics (DPC,SPQR)

("C:\Users\–ü–æ–ª—å–∑–æ–≤–∞—Ç–µ–ª—å\AppData\Local\Programs\MiKTeX 2.9\tex\latex
\graphics\trig.sty"
Package: trig 2016/01/03 v1.10 sin cos tan (DPC)
)
("C:\Users\–ü–æ–ª—å–∑–æ–≤–∞—Ç–µ–ª—å\AppData\Local\Programs\MiKTeX 2.9\tex\latex
\graphics-cfg\graphics.cfg"
File: graphics.cfg 2016/06/04 v1.11 sample graphics configuration
)
Package graphics Info: Driver file: pdftex.def on input line 99.

("C:\Users\–ü–æ–ª—å–∑–æ–≤–∞—Ç–µ–ª—å\AppData\Local\Programs\MiKTeX 2.9\tex\latex
\graphics-def\pdftex.def"
File: pdftex.def 2018/01/08 v1.0l Graphics/color driver for pdftex
))
\Gin@req@height=\dimen103
\Gin@req@width=\dimen104
)
("C:\Program Files\MiKTeX 2.9\tex\latex\cite\cite.sty"
LaTeX Info: Redefining \cite on input line 302.
LaTeX Info: Redefining \nocite on input line 332.
Package: cite 2015/02/27  v 5.5
)
("C:\Users\–ü–æ–ª—å–∑–æ–≤–∞—Ç–µ–ª—å\AppData\Local\Programs\MiKTeX 2.9\tex\latex
\amsmath\amsmath.sty"
Package: amsmath 2017/09/02 v2.17a AMS math features
\@mathmargin=\skip43

For additional information on amsmath, use the `?' option.

("C:\Users\–ü–æ–ª—å–∑–æ–≤–∞—Ç–µ–ª—å\AppData\Local\Programs\MiKTeX 2.9\tex\latex
\amsmath\amstext.sty"
Package: amstext 2000/06/29 v2.01 AMS text

("C:\Users\–ü–æ–ª—å–∑–æ–≤–∞—Ç–µ–ª—å\AppData\Local\Programs\MiKTeX 2.9\tex\latex
\amsmath\amsgen.sty"
File: amsgen.sty 1999/11/30 v2.0 generic functions
\@emptytoks=\toks17
\ex@=\dimen105
))
("C:\Users\–ü–æ–ª—å–∑–æ–≤–∞—Ç–µ–ª—å\AppData\Local\Programs\MiKTeX 2.9\tex\latex
\amsmath\amsbsy.sty"
Package: amsbsy 1999/11/29 v1.2d Bold Symbols
\pmbraise@=\dimen106
)
("C:\Users\–ü–æ–ª—å–∑–æ–≤–∞—Ç–µ–ª—å\AppData\Local\Programs\MiKTeX 2.9\tex\latex
\amsmath\amsopn.sty"
Package: amsopn 2016/03/08 v2.02 operator names
)
\inf@bad=\count87
LaTeX Info: Redefining \frac on input line 213.
\uproot@=\count88
\leftroot@=\count89
LaTeX Info: Redefining \overline on input line 375.
\classnum@=\count90
\DOTSCASE@=\count91
LaTeX Info: Redefining \ldots on input line 472.
LaTeX Info: Redefining \dots on input line 475.
LaTeX Info: Redefining \cdots on input line 596.
\Mathstrutbox@=\box26
\strutbox@=\box27
\big@size=\dimen107
LaTeX Font Info:    Redeclaring font encoding OML on input line 712.
LaTeX Font Info:    Redeclaring font encoding OMS on input line 713.
\macc@depth=\count92
\c@MaxMatrixCols=\count93
\dotsspace@=\muskip10
\c@parentequation=\count94
\dspbrk@lvl=\count95
\tag@help=\toks18
\row@=\count96
\column@=\count97
\maxfields@=\count98
\andhelp@=\toks19
\eqnshift@=\dimen108
\alignsep@=\dimen109
\tagshift@=\dimen110
\tagwidth@=\dimen111
\totwidth@=\dimen112
\lineht@=\dimen113
\@envbody=\toks20
\multlinegap=\skip44
\multlinetaggap=\skip45
\mathdisplay@stack=\toks21
LaTeX Info: Redefining \[ on input line 2817.
LaTeX Info: Redefining \] on input line 2818.
)
("C:\Users\–ü–æ–ª—å–∑–æ–≤–∞—Ç–µ–ª—å\AppData\Local\Programs\MiKTeX 2.9\tex\latex
\amsfonts\amssymb.sty"
Package: amssymb 2013/01/14 v3.01 AMS font symbols

("C:\Users\–ü–æ–ª—å–∑–æ–≤–∞—Ç–µ–ª—å\AppData\Local\Programs\MiKTeX 2.9\tex\latex
\amsfonts\amsfonts.sty"
Package: amsfonts 2013/01/14 v3.01 Basic AMSFonts support
\symAMSa=\mathgroup4
\symAMSb=\mathgroup5
LaTeX Font Info:    Overwriting math alphabet `\mathfrak' in version `bold'
(Font)                  U/euf/m/n --> U/euf/b/n on input line 106.
))
("C:\Users\–ü–æ–ª—å–∑–æ–≤–∞—Ç–µ–ª—å\AppData\Local\Programs\MiKTeX 2.9\tex\latex
\amscls\amsthm.sty"
Package: amsthm 2017/10/31 v2.20.4
\thm@style=\toks22
\thm@bodyfont=\toks23
\thm@headfont=\toks24
\thm@notefont=\toks25
\thm@headpunct=\toks26
\thm@preskip=\skip46
\thm@postskip=\skip47
\thm@headsep=\skip48
\dth@everypar=\toks27
)
("C:\Program Files\MiKTeX 2.9\tex\latex\fancyvrb\fancyvrb.sty"
Package: fancyvrb 2008/02/07

Style option: `fancyvrb' v2.7a, with DG/SPQR fixes, and firstline=lastline fix 
<2008/02/07> (tvz)
\FV@CodeLineNo=\count99
\FV@InFile=\read1
\FV@TabBox=\box28
\c@FancyVerbLine=\count100
\FV@StepNumber=\count101
\FV@OutFile=\write3
)
("C:\Users\–ü–æ–ª—å–∑–æ–≤–∞—Ç–µ–ª—å\AppData\Local\Programs\MiKTeX 2.9\tex\latex
\tools\longtable.sty"
Package: longtable 2014/10/28 v4.11 Multi-page Table package (DPC)
\LTleft=\skip49
\LTright=\skip50
\LTpre=\skip51
\LTpost=\skip52
\LTchunksize=\count102
\LTcapwidth=\dimen114
\LT@head=\box29
\LT@firsthead=\box30
\LT@foot=\box31
\LT@lastfoot=\box32
\LT@cols=\count103
\LT@rows=\count104
\c@LT@tables=\count105
\c@LT@chunks=\count106
\LT@p@ftn=\toks28
)
("C:\Users\–ü–æ–ª—å–∑–æ–≤–∞—Ç–µ–ª—å\AppData\Local\Programs\MiKTeX 2.9\tex\latex
\tools\array.sty"
Package: array 2016/10/06 v2.4d Tabular extension package (FMi)
\col@sep=\dimen115
\extrarowheight=\dimen116
\NC@list=\toks29
\extratabsurround=\skip53
\backup@length=\skip54
)
("C:\Users\–ü–æ–ª—å–∑–æ–≤–∞—Ç–µ–ª—å\AppData\Local\Programs\MiKTeX 2.9\tex\gener
ic\babel\babel.sty"
Package: babel 2018/02/14 3.18 The Babel package

("C:\Users\–ü–æ–ª—å–∑–æ–≤–∞—Ç–µ–ª—å\AppData\Local\Programs\MiKTeX 2.9\tex\gener
ic\babel\switch.def"
File: switch.def 2018/02/14 3.18 Babel switching mechanism
)
*************************************
* Local config file bblopts.cfg used
*
("C:\Program Files\MiKTeX 2.9\tex\latex\arabi\bblopts.cfg"
File: bblopts.cfg 2005/09/08 v0.1 add Arabic and Farsi to "declared" options of
 babel
)
("C:\Users\–ü–æ–ª—å–∑–æ–≤–∞—Ç–µ–ª—å\AppData\Local\Programs\MiKTeX 2.9\tex\latex
\babel-english\english.ldf"
Language: english 2017/06/06 v3.3r English support from the babel system

("C:\Users\–ü–æ–ª—å–∑–æ–≤–∞—Ç–µ–ª—å\AppData\Local\Programs\MiKTeX 2.9\tex\gener
ic\babel\babel.def"
File: babel.def 2018/02/14 3.18 Babel common definitions
\babel@savecnt=\count107
\U@D=\dimen117

("C:\Users\–ü–æ–ª—å–∑–æ–≤–∞—Ç–µ–ª—å\AppData\Local\Programs\MiKTeX 2.9\tex\gener
ic\babel\txtbabel.def")
\bbl@dirlevel=\count108
)
\l@canadian = a dialect from \language\l@american 
\l@australian = a dialect from \language\l@british 
\l@newzealand = a dialect from \language\l@british 
)
("C:\Program Files\MiKTeX 2.9\tex\latex\babel-russian\russianb.ldf"
Language: russian 2017/08/12 1.3j Russian support for the Babel system
Package babel Info: Making " an active character on input line 120.
Package babel Info: Default for \cyrdash is provided on input line 157.
))
("C:\Users\–ü–æ–ª—å–∑–æ–≤–∞—Ç–µ–ª—å\AppData\Local\Programs\MiKTeX 2.9\tex\latex
\hyperref\hyperref.sty"
Package: hyperref 2018/02/06 v6.86b Hypertext links for LaTeX

("C:\Users\–ü–æ–ª—å–∑–æ–≤–∞—Ç–µ–ª—å\AppData\Local\Programs\MiKTeX 2.9\tex\gener
ic\oberdiek\hobsub-hyperref.sty"
Package: hobsub-hyperref 2016/05/16 v1.14 Bundle oberdiek, subset hyperref (HO)


("C:\Users\–ü–æ–ª—å–∑–æ–≤–∞—Ç–µ–ª—å\AppData\Local\Programs\MiKTeX 2.9\tex\gener
ic\oberdiek\hobsub-generic.sty"
Package: hobsub-generic 2016/05/16 v1.14 Bundle oberdiek, subset generic (HO)
Package: hobsub 2016/05/16 v1.14 Construct package bundles (HO)
Package: infwarerr 2016/05/16 v1.4 Providing info/warning/error messages (HO)
Package: ltxcmds 2016/05/16 v1.23 LaTeX kernel commands for general use (HO)
Package: ifluatex 2016/05/16 v1.4 Provides the ifluatex switch (HO)
Package ifluatex Info: LuaTeX not detected.
Package: ifvtex 2016/05/16 v1.6 Detect VTeX and its facilities (HO)
Package ifvtex Info: VTeX not detected.
Package: intcalc 2016/05/16 v1.2 Expandable calculations with integers (HO)
Package: ifpdf 2017/03/15 v3.2 Provides the ifpdf switch
Package: etexcmds 2016/05/16 v1.6 Avoid name clashes with e-TeX commands (HO)
Package etexcmds Info: Could not find \expanded.
(etexcmds)             That can mean that you are not using pdfTeX 1.50 or
(etexcmds)             that some package has redefined \expanded.
(etexcmds)             In the latter case, load this package earlier.
Package: kvsetkeys 2016/05/16 v1.17 Key value parser (HO)
Package: kvdefinekeys 2016/05/16 v1.4 Define keys (HO)
Package: pdftexcmds 2018/01/21 v0.26 Utility functions of pdfTeX for LuaTeX (HO
)
Package pdftexcmds Info: LuaTeX not detected.
Package pdftexcmds Info: \pdf@primitive is available.
Package pdftexcmds Info: \pdf@ifprimitive is available.
Package pdftexcmds Info: \pdfdraftmode found.
Package: pdfescape 2016/05/16 v1.14 Implements pdfTeX's escape features (HO)
Package: bigintcalc 2016/05/16 v1.4 Expandable calculations on big integers (HO
)
Package: bitset 2016/05/16 v1.2 Handle bit-vector datatype (HO)
Package: uniquecounter 2016/05/16 v1.3 Provide unlimited unique counter (HO)
)
Package hobsub Info: Skipping package `hobsub' (already loaded).
Package: letltxmacro 2016/05/16 v1.5 Let assignment for LaTeX macros (HO)
Package: hopatch 2016/05/16 v1.3 Wrapper for package hooks (HO)
Package: xcolor-patch 2016/05/16 xcolor patch
Package: atveryend 2016/05/16 v1.9 Hooks at the very end of document (HO)
Package atveryend Info: \enddocument detected (standard20110627).
Package: atbegshi 2016/06/09 v1.18 At begin shipout hook (HO)
Package: refcount 2016/05/16 v3.5 Data extraction from label references (HO)
Package: hycolor 2016/05/16 v1.8 Color options for hyperref/bookmark (HO)
)
("C:\Users\–ü–æ–ª—å–∑–æ–≤–∞—Ç–µ–ª—å\AppData\Local\Programs\MiKTeX 2.9\tex\gener
ic\ifxetex\ifxetex.sty"
Package: ifxetex 2010/09/12 v0.6 Provides ifxetex conditional
)
("C:\Users\–ü–æ–ª—å–∑–æ–≤–∞—Ç–µ–ª—å\AppData\Local\Programs\MiKTeX 2.9\tex\latex
\oberdiek\auxhook.sty"
Package: auxhook 2016/05/16 v1.4 Hooks for auxiliary files (HO)
)
("C:\Users\–ü–æ–ª—å–∑–æ–≤–∞—Ç–µ–ª—å\AppData\Local\Programs\MiKTeX 2.9\tex\latex
\oberdiek\kvoptions.sty"
Package: kvoptions 2016/05/16 v3.12 Key value format for package options (HO)
)
\@linkdim=\dimen118
\Hy@linkcounter=\count109
\Hy@pagecounter=\count110

("C:\Users\–ü–æ–ª—å–∑–æ–≤–∞—Ç–µ–ª—å\AppData\Local\Programs\MiKTeX 2.9\tex\latex
\hyperref\pd1enc.def"
File: pd1enc.def 2018/02/06 v6.86b Hyperref: PDFDocEncoding definition (HO)
)
\Hy@SavedSpaceFactor=\count111
Package hyperref Info: Option `unicode' set `true' on input line 3456.

("C:\Users\–ü–æ–ª—å–∑–æ–≤–∞—Ç–µ–ª—å\AppData\Local\Programs\MiKTeX 2.9\tex\latex
\hyperref\puenc.def"
File: puenc.def 2018/02/06 v6.86b Hyperref: PDF Unicode definition (HO)
)
("C:\Users\–ü–æ–ª—å–∑–æ–≤–∞—Ç–µ–ª—å\AppData\Local\Programs\MiKTeX 2.9\tex\latex
\00miktex\hyperref.cfg"
File: hyperref.cfg 2002/06/06 v1.2 hyperref configuration of TeXLive
)
Package hyperref Info: Option `colorlinks' set `true' on input line 4383.
Package hyperref Info: Hyper figures OFF on input line 4509.
Package hyperref Info: Link nesting OFF on input line 4514.
Package hyperref Info: Hyper index ON on input line 4517.
Package hyperref Info: Plain pages OFF on input line 4524.
Package hyperref Info: Backreferencing OFF on input line 4529.
Package hyperref Info: Implicit mode ON; LaTeX internals redefined.
Package hyperref Info: Bookmarks ON on input line 4762.
\c@Hy@tempcnt=\count112
 ("C:\Program Files\MiKTeX 2.9\tex\latex\url\url.sty"
\Urlmuskip=\muskip11
Package: url 2013/09/16  ver 3.4  Verb mode for urls, etc.
)
LaTeX Info: Redefining \url on input line 5115.
\XeTeXLinkMargin=\dimen119
\Fld@menulength=\count113
\Field@Width=\dimen120
\Fld@charsize=\dimen121
Package hyperref Info: Hyper figures OFF on input line 6369.
Package hyperref Info: Link nesting OFF on input line 6374.
Package hyperref Info: Hyper index ON on input line 6377.
Package hyperref Info: backreferencing OFF on input line 6384.
Package hyperref Info: Link coloring ON on input line 6387.
Package hyperref Info: Link coloring with OCG OFF on input line 6394.
Package hyperref Info: PDF/A mode OFF on input line 6399.
LaTeX Info: Redefining \ref on input line 6439.
LaTeX Info: Redefining \pageref on input line 6443.
\Hy@abspage=\count114
\c@Item=\count115
\c@Hfootnote=\count116
)
Package hyperref Info: Driver (autodetected): hpdftex.

("C:\Users\–ü–æ–ª—å–∑–æ–≤–∞—Ç–µ–ª—å\AppData\Local\Programs\MiKTeX 2.9\tex\latex
\hyperref\hpdftex.def"
File: hpdftex.def 2018/02/06 v6.86b Hyperref driver for pdfTeX
\Fld@listcount=\count117
\c@bookmark@seq@number=\count118

("C:\Users\–ü–æ–ª—å–∑–æ–≤–∞—Ç–µ–ª—å\AppData\Local\Programs\MiKTeX 2.9\tex\latex
\oberdiek\rerunfilecheck.sty"
Package: rerunfilecheck 2016/05/16 v1.8 Rerun checks for auxiliary files (HO)
Package uniquecounter Info: New unique counter `rerunfilecheck' on input line 2
82.
)
\Hy@SectionHShift=\skip55
)

LaTeX Warning: Unused global option(s):
    [bachelor,och,pract,times].

(task9.aux)
\openout1 = `task9.aux'.

LaTeX Font Info:    Checking defaults for OML/cmm/m/it on input line 18.
LaTeX Font Info:    ... okay on input line 18.
LaTeX Font Info:    Checking defaults for T1/cmr/m/n on input line 18.
LaTeX Font Info:    ... okay on input line 18.
LaTeX Font Info:    Checking defaults for OT1/cmr/m/n on input line 18.
LaTeX Font Info:    ... okay on input line 18.
LaTeX Font Info:    Checking defaults for OMS/cmsy/m/n on input line 18.
LaTeX Font Info:    ... okay on input line 18.
LaTeX Font Info:    Checking defaults for OMX/cmex/m/n on input line 18.
LaTeX Font Info:    ... okay on input line 18.
LaTeX Font Info:    Checking defaults for U/cmr/m/n on input line 18.
LaTeX Font Info:    ... okay on input line 18.
LaTeX Font Info:    Checking defaults for T2A/cmr/m/n on input line 18.
LaTeX Font Info:    ... okay on input line 18.
LaTeX Font Info:    Checking defaults for PD1/pdf/m/n on input line 18.
LaTeX Font Info:    ... okay on input line 18.
LaTeX Font Info:    Checking defaults for PU/pdf/m/n on input line 18.
LaTeX Font Info:    ... okay on input line 18.
 ("C:\Program Files\MiKTeX 2.9\tex\context\base\supp-pdf.mkii"
[Loading MPS to PDF converter (version 2006.09.02).]
\scratchcounter=\count119
\scratchdimen=\dimen122
\scratchbox=\box33
\nofMPsegments=\count120
\nofMParguments=\count121
\everyMPshowfont=\toks30
\MPscratchCnt=\count122
\MPscratchDim=\dimen123
\MPnumerator=\count123
\makeMPintoPDFobject=\count124
\everyMPtoPDFconversion=\toks31
)
("C:\Users\–ü–æ–ª—å–∑–æ–≤–∞—Ç–µ–ª—å\AppData\Local\Programs\MiKTeX 2.9\tex\latex
\oberdiek\epstopdf-base.sty"
Package: epstopdf-base 2016/05/15 v2.6 Base part for package epstopdf

("C:\Users\–ü–æ–ª—å–∑–æ–≤–∞—Ç–µ–ª—å\AppData\Local\Programs\MiKTeX 2.9\tex\latex
\oberdiek\grfext.sty"
Package: grfext 2016/05/16 v1.2 Manage graphics extensions (HO)
)
Package epstopdf-base Info: Redefining graphics rule for `.eps' on input line 4
38.
Package grfext Info: Graphics extension search list:
(grfext)             [.pdf,.png,.jpg,.mps,.jpeg,.jbig2,.jb2,.PDF,.PNG,.JPG,.JPE
G,.JBIG2,.JB2,.eps]
(grfext)             \AppendGraphicsExtensions on input line 456.
)
\AtBeginShipoutBox=\box34

("C:\Users\–ü–æ–ª—å–∑–æ–≤–∞—Ç–µ–ª—å\AppData\Local\Programs\MiKTeX 2.9\tex\latex
\graphics\color.sty"
Package: color 2016/07/10 v1.1e Standard LaTeX Color (DPC)

("C:\Users\–ü–æ–ª—å–∑–æ–≤–∞—Ç–µ–ª—å\AppData\Local\Programs\MiKTeX 2.9\tex\latex
\graphics-cfg\color.cfg"
File: color.cfg 2016/01/02 v1.6 sample color configuration
)
Package color Info: Driver file: pdftex.def on input line 147.
)
Package hyperref Info: Link coloring ON on input line 18.

("C:\Users\–ü–æ–ª—å–∑–æ–≤–∞—Ç–µ–ª—å\AppData\Local\Programs\MiKTeX 2.9\tex\latex
\hyperref\nameref.sty"
Package: nameref 2016/05/21 v2.44 Cross-referencing by name of section

("C:\Users\–ü–æ–ª—å–∑–æ–≤–∞—Ç–µ–ª—å\AppData\Local\Programs\MiKTeX 2.9\tex\gener
ic\oberdiek\gettitlestring.sty"
Package: gettitlestring 2016/05/16 v1.5 Cleanup title references (HO)
)
\c@section@level=\count125
)
LaTeX Info: Redefining \ref on input line 18.
LaTeX Info: Redefining \pageref on input line 18.
LaTeX Info: Redefining \nameref on input line 18.
 (task9.out) (task9.out)
\@outlinefile=\write4
\openout4 = `task9.out'.

LaTeX Font Info:    Try loading font information for U+msa on input line 20.

("C:\Users\–ü–æ–ª—å–∑–æ–≤–∞—Ç–µ–ª—å\AppData\Local\Programs\MiKTeX 2.9\tex\latex
\amsfonts\umsa.fd"
File: umsa.fd 2013/01/14 v3.01 AMS symbols A
)
LaTeX Font Info:    Try loading font information for U+msb on input line 20.

("C:\Users\–ü–æ–ª—å–∑–æ–≤–∞—Ç–µ–ª—å\AppData\Local\Programs\MiKTeX 2.9\tex\latex
\amsfonts\umsb.fd"
File: umsb.fd 2013/01/14 v3.01 AMS symbols B
)
LaTeX Font Info:    Try loading font information for OMS+cmr on input line 20.

("C:\Users\–ü–æ–ª—å–∑–æ–≤–∞—Ç–µ–ª—å\AppData\Local\Programs\MiKTeX 2.9\tex\latex
\base\omscmr.fd"
File: omscmr.fd 2014/09/29 v2.5h Standard LaTeX font definitions
)
LaTeX Font Info:    Font shape `OMS/cmr/m/n' in size <10> not available
(Font)              Font shape `OMS/cmsy/m/n' tried instead on input line 20.

! Missing $ inserted.
<inserted text> 
                $
l.20 ...–Ω–∞—è –ø—Ä–æ–≥—Ä–∞–º–º–∞ –≤—ã—á–∏—Å–ª—è–µ
                                                  —Ç –∫–æ–ª–∏—á–µ—Å—Ç–≤–æ –ø...
I've inserted a begin-math/end-math symbol since I think
you left one out. Proceed, with fingers crossed.


LaTeX Warning: Command \CYRS invalid in math mode on input line 20.


LaTeX Warning: Command \quotesinglbase invalid in math mode on input line 20.


LaTeX Warning: Command \quotesinglbase invalid in math mode on input line 20.

! Improper \spacefactor.
\save@sf@q ...@SF {\spacefactor \the \spacefactor 
                                                  }#1\@SF \endgroup 
l.20 ...–∞—è –ø—Ä–æ–≥—Ä–∞–º–º–∞ –≤—ã—á–∏—Å–ª—è–µ—Ç
                                                   –∫–æ–ª–∏—á–µ—Å—Ç–≤–æ –ø—Ä...
You can refer to \spacefactor only in horizontal mode;
you can refer to \prevdepth only in vertical mode; and
neither of these is meaningful inside \write. So
I'm forgetting what you said and using zero instead.

! You can't use `\spacefactor' in math mode.
\@SF ->\spacefactor 
                    0
l.20 ...–∞—è –ø—Ä–æ–≥—Ä–∞–º–º–∞ –≤—ã—á–∏—Å–ª—è–µ—Ç
                                                   –∫–æ–ª–∏—á–µ—Å—Ç–≤–æ –ø—Ä...
Sorry, but I'm not programmed to handle this case;
I'll just pretend that you didn't ask for it.
If you're in the wrong mode, you might be able to
return to the right one by typing `I}' or `I$' or `I\par'.


LaTeX Warning: Command \CYRR invalid in math mode on input line 20.


LaTeX Warning: Command \cyrie invalid in math mode on input line 20.


LaTeX Warning: Command \CYRR invalid in math mode on input line 20.


LaTeX Warning: Command \cyrdze invalid in math mode on input line 20.


LaTeX Warning: Command \CYRR invalid in math mode on input line 20.


LaTeX Warning: Command \guillemotright invalid in math mode on input line 20.


LaTeX Warning: Command \CYRR invalid in math mode on input line 20.


LaTeX Warning: Command \cyryo invalid in math mode on input line 20.


LaTeX Warning: Command \CYRS invalid in math mode on input line 20.


LaTeX Warning: Command \CYRR invalid in math mode on input line 20.


LaTeX Warning: Command \CYRS invalid in math mode on input line 20.


LaTeX Warning: Command \' invalid in math mode on input line 20.

! Please use \mathaccent for accents in math mode.
\add@accent ...@spacefactor \spacefactor }\accent 
                                                  #1 #2\egroup \spacefactor ...
l.20 ...–∞–º–º–∞ –≤—ã—á–∏—Å–ª—è–µ—Ç –∫–æ–ª–∏—á–µ—Å
                                                  —Ç–≤–æ –ø—Ä–æ–∂–∏—Ç–∏—Ö –≤...
I'm changing \accent to \mathaccent here; wish me luck.
(Accents are not the same in formulas as they are in text.)

! Missing { inserted.
<to be read again> 
                   \begingroup 
l.20 ...–∞–º–º–∞ –≤—ã—á–∏—Å–ª—è–µ—Ç –∫–æ–ª–∏—á–µ—Å
                                                  —Ç–≤–æ –ø—Ä–æ–∂–∏—Ç–∏—Ö –≤...
A left brace was mandatory here, so I've put one in.
You might want to delete and/or insert some corrections
so that I will find a matching right brace soon.
(If you're confused by all this, try typing `I}' now.)


LaTeX Warning: Command \CYRG invalid in math mode on input line 20.

! You can't use `\spacefactor' in math mode.
\add@accent ...}\accent #1 #2\egroup \spacefactor 
                                                  \accent@spacefactor 
l.20 ...–∞–º–º–∞ –≤—ã—á–∏—Å–ª—è–µ—Ç –∫–æ–ª–∏—á–µ—Å
                                                  —Ç–≤–æ –ø—Ä–æ–∂–∏—Ç–∏—Ö –≤...
Sorry, but I'm not programmed to handle this case;
I'll just pretend that you didn't ask for it.
If you're in the wrong mode, you might be able to
return to the right one by typing `I}' or `I$' or `I\par'.


LaTeX Warning: Command \CYRS invalid in math mode on input line 20.


LaTeX Warning: Command \quotesinglbase invalid in math mode on input line 20.


LaTeX Warning: Command \quotesinglbase invalid in math mode on input line 20.

! Improper \spacefactor.
\save@sf@q ...@SF {\spacefactor \the \spacefactor 
                                                  }#1\@SF \endgroup 
l.20 ...–º–º–∞ –≤—ã—á–∏—Å–ª—è–µ—Ç –∫–æ–ª–∏—á–µ—Å—Ç
                                                  –≤–æ –ø—Ä–æ–∂–∏—Ç–∏—Ö –≤–∞...
You can refer to \spacefactor only in horizontal mode;
you can refer to \prevdepth only in vertical mode; and
neither of these is meaningful inside \write. So
I'm forgetting what you said and using zero instead.

! You can't use `\spacefactor' in math mode.
\@SF ->\spacefactor 
                    0
l.20 ...–º–º–∞ –≤—ã—á–∏—Å–ª—è–µ—Ç –∫–æ–ª–∏—á–µ—Å—Ç
                                                  –≤–æ –ø—Ä–æ–∂–∏—Ç–∏—Ö –≤–∞...
Sorry, but I'm not programmed to handle this case;
I'll just pretend that you didn't ask for it.
If you're in the wrong mode, you might be able to
return to the right one by typing `I}' or `I$' or `I\par'.


LaTeX Warning: Command \CYRR invalid in math mode on input line 20.


! LaTeX Error: Command \CYRR unavailable in encoding OT1.

See the LaTeX manual or LaTeX Companion for explanation.
Type  H <return>  for immediate help.
 ...                                              
                                                  
l.20 ...º–º–∞ –≤—ã—á–∏—Å–ª—è–µ—Ç –∫–æ–ª–∏—á–µ—Å—Ç–
                                                  ≤–æ –ø—Ä–æ–∂–∏—Ç–∏—Ö –≤–∞–...

Your command was ignored.
Type  I <command> <return>  to replace it with another command,
or  <return>  to continue without it.


LaTeX Warning: Command \CYRII invalid in math mode on input line 20.


! LaTeX Error: Command \CYRII unavailable in encoding OT1.

See the LaTeX manual or LaTeX Companion for explanation.
Type  H <return>  for immediate help.
 ...                                              
                                                  
l.20 ...–º–∞ –≤—ã—á–∏—Å–ª—è–µ—Ç –∫–æ–ª–∏—á–µ—Å—Ç–≤
                                                  –æ –ø—Ä–æ–∂–∏—Ç–∏—Ö –≤–∞–º...

Your command was ignored.
Type  I <command> <return>  to replace it with another command,
or  <return>  to continue without it.


LaTeX Warning: Command \CYRR invalid in math mode on input line 20.


! LaTeX Error: Command \CYRR unavailable in encoding OT1.

See the LaTeX manual or LaTeX Companion for explanation.
Type  H <return>  for immediate help.
 ...                                              
                                                  
l.20 ...º–∞ –≤—ã—á–∏—Å–ª—è–µ—Ç –∫–æ–ª–∏—á–µ—Å—Ç–≤–
                                                  æ –ø—Ä–æ–∂–∏—Ç–∏—Ö –≤–∞–º–...

Your command was ignored.
Type  I <command> <return>  to replace it with another command,
or  <return>  to continue without it.


LaTeX Warning: Command \cyrdze invalid in math mode on input line 20.


! LaTeX Error: Command \cyrdze unavailable in encoding OT1.

See the LaTeX manual or LaTeX Companion for explanation.
Type  H <return>  for immediate help.
 ...                                              
                                                  
l.20 ...–∞ –≤—ã—á–∏—Å–ª—è–µ—Ç –∫–æ–ª–∏—á–µ—Å—Ç–≤–æ
                                                   –ø—Ä–æ–∂–∏—Ç–∏—Ö –≤–∞–º–∏...

Your command was ignored.
Type  I <command> <return>  to replace it with another command,
or  <return>  to continue without it.


LaTeX Warning: Command \CYRR invalid in math mode on input line 20.


! LaTeX Error: Command \CYRR unavailable in encoding OT1.

See the LaTeX manual or LaTeX Companion for explanation.
Type  H <return>  for immediate help.
 ...                                              
                                                  
l.20 ... –≤—ã—á–∏—Å–ª—è–µ—Ç –∫–æ–ª–∏—á–µ—Å—Ç–≤–æ –
                                                  ø—Ä–æ–∂–∏—Ç–∏—Ö –≤–∞–º–∏ –...

Your command was ignored.
Type  I <command> <return>  to replace it with another command,
or  <return>  to continue without it.


LaTeX Warning: Command \cyryi invalid in math mode on input line 20.


! LaTeX Error: Command \cyryi unavailable in encoding OT1.

See the LaTeX manual or LaTeX Companion for explanation.
Type  H <return>  for immediate help.
 ...                                              
                                                  
l.20 ...–≤—ã—á–∏—Å–ª—è–µ—Ç –∫–æ–ª–∏—á–µ—Å—Ç–≤–æ –ø
                                                  —Ä–æ–∂–∏—Ç–∏—Ö –≤–∞–º–∏ –¥...

Your command was ignored.
Type  I <command> <return>  to replace it with another command,
or  <return>  to continue without it.


LaTeX Warning: Command \CYRS invalid in math mode on input line 20.


! LaTeX Error: Command \CYRS unavailable in encoding OT1.

See the LaTeX manual or LaTeX Companion for explanation.
Type  H <return>  for immediate help.
 ...                                              
                                                  
l.20 ...≤—ã—á–∏—Å–ª—è–µ—Ç –∫–æ–ª–∏—á–µ—Å—Ç–≤–æ –ø—
                                                  Ä–æ–∂–∏—Ç–∏—Ö –≤–∞–º–∏ –¥–...

Your command was ignored.
Type  I <command> <return>  to replace it with another command,
or  <return>  to continue without it.


LaTeX Warning: Command \CYRDJE invalid in math mode on input line 20.


! LaTeX Error: Command \CYRDJE unavailable in encoding OT1.

See the LaTeX manual or LaTeX Companion for explanation.
Type  H <return>  for immediate help.
 ...                                              
                                                  
l.20 ...—ã—á–∏—Å–ª—è–µ—Ç –∫–æ–ª–∏—á–µ—Å—Ç–≤–æ –ø—Ä
                                                  –æ–∂–∏—Ç–∏—Ö –≤–∞–º–∏ –¥–Ω...

Your command was ignored.
Type  I <command> <return>  to replace it with another command,
or  <return>  to continue without it.


LaTeX Warning: Command \CYRR invalid in math mode on input line 20.


! LaTeX Error: Command \CYRR unavailable in encoding OT1.

See the LaTeX manual or LaTeX Companion for explanation.
Type  H <return>  for immediate help.
 ...                                              
                                                  
l.20 ...ã—á–∏—Å–ª—è–µ—Ç –∫–æ–ª–∏—á–µ—Å—Ç–≤–æ –ø—Ä–
                                                  æ–∂–∏—Ç–∏—Ö –≤–∞–º–∏ –¥–Ω–...

Your command was ignored.
Type  I <command> <return>  to replace it with another command,
or  <return>  to continue without it.


LaTeX Warning: Command \cyrdze invalid in math mode on input line 20.


! LaTeX Error: Command \cyrdze unavailable in encoding OT1.

See the LaTeX manual or LaTeX Companion for explanation.
Type  H <return>  for immediate help.
 ...                                              
                                                  
l.20 ...—á–∏—Å–ª—è–µ—Ç –∫–æ–ª–∏—á–µ—Å—Ç–≤–æ –ø—Ä–æ
                                                  –∂–∏—Ç–∏—Ö –≤–∞–º–∏ –¥–Ω–µ–π.

Your command was ignored.
Type  I <command> <return>  to replace it with another command,
or  <return>  to continue without it.


LaTeX Warning: Command \CYRR invalid in math mode on input line 20.


! LaTeX Error: Command \CYRR unavailable in encoding OT1.

See the LaTeX manual or LaTeX Companion for explanation.
Type  H <return>  for immediate help.
 ...                                              
                                                  
l.20 ...á–∏—Å–ª—è–µ—Ç –∫–æ–ª–∏—á–µ—Å—Ç–≤–æ –ø—Ä–æ–
                                                  ∂–∏—Ç–∏—Ö –≤–∞–º–∏ –¥–Ω–µ–π.
Your command was ignored.
Type  I <command> <return>  to replace it with another command,
or  <return>  to continue without it.


LaTeX Warning: Command \CYRR invalid in math mode on input line 20.


! LaTeX Error: Command \CYRR unavailable in encoding OT1.

See the LaTeX manual or LaTeX Companion for explanation.
Type  H <return>  for immediate help.
 ...                                              
                                                  
l.20 ...∏—Å–ª—è–µ—Ç –∫–æ–ª–∏—á–µ—Å—Ç–≤–æ –ø—Ä–æ–∂–
                                                  ∏—Ç–∏—Ö –≤–∞–º–∏ –¥–Ω–µ–π.
Your command was ignored.
Type  I <command> <return>  to replace it with another command,
or  <return>  to continue without it.


LaTeX Warning: Command \cyryo invalid in math mode on input line 20.


! LaTeX Error: Command \cyryo unavailable in encoding OT1.

See the LaTeX manual or LaTeX Companion for explanation.
Type  H <return>  for immediate help.
 ...                                              
                                                  
l.20 ...—Å–ª—è–µ—Ç –∫–æ–ª–∏—á–µ—Å—Ç–≤–æ –ø—Ä–æ–∂–∏
                                                  —Ç–∏—Ö –≤–∞–º–∏ –¥–Ω–µ–π.
Your command was ignored.
Type  I <command> <return>  to replace it with another command,
or  <return>  to continue without it.


LaTeX Warning: Command \CYRS invalid in math mode on input line 20.


! LaTeX Error: Command \CYRS unavailable in encoding OT1.

See the LaTeX manual or LaTeX Companion for explanation.
Type  H <return>  for immediate help.
 ...                                              
                                                  
l.20 ...Å–ª—è–µ—Ç –∫–æ–ª–∏—á–µ—Å—Ç–≤–æ –ø—Ä–æ–∂–∏—
                                                  Ç–∏—Ö –≤–∞–º–∏ –¥–Ω–µ–π.
Your command was ignored.
Type  I <command> <return>  to replace it with another command,
or  <return>  to continue without it.


LaTeX Warning: Command \quotesinglbase invalid in math mode on input line 20.

! Improper \spacefactor.
\save@sf@q ...@SF {\spacefactor \the \spacefactor 
                                                  }#1\@SF \endgroup 
l.20 ...–ª—è–µ—Ç –∫–æ–ª–∏—á–µ—Å—Ç–≤–æ –ø—Ä–æ–∂–∏—Ç
                                                  –∏—Ö –≤–∞–º–∏ –¥–Ω–µ–π.
You can refer to \spacefactor only in horizontal mode;
you can refer to \prevdepth only in vertical mode; and
neither of these is meaningful inside \write. So
I'm forgetting what you said and using zero instead.

! You can't use `\spacefactor' in math mode.
\@SF ->\spacefactor 
                    0
l.20 ...–ª—è–µ—Ç –∫–æ–ª–∏—á–µ—Å—Ç–≤–æ –ø—Ä–æ–∂–∏—Ç
                                                  –∏—Ö –≤–∞–º–∏ –¥–Ω–µ–π.
Sorry, but I'm not programmed to handle this case;
I'll just pretend that you didn't ask for it.
If you're in the wrong mode, you might be able to
return to the right one by typing `I}' or `I$' or `I\par'.


LaTeX Warning: Command \CYRR invalid in math mode on input line 20.


! LaTeX Error: Command \CYRR unavailable in encoding OT1.

See the LaTeX manual or LaTeX Companion for explanation.
Type  H <return>  for immediate help.
 ...                                              
                                                  
l.20 ...ª—è–µ—Ç –∫–æ–ª–∏—á–µ—Å—Ç–≤–æ –ø—Ä–æ–∂–∏—Ç–
                                                  ∏—Ö –≤–∞–º–∏ –¥–Ω–µ–π.
Your command was ignored.
Type  I <command> <return>  to replace it with another command,
or  <return>  to continue without it.


LaTeX Warning: Command \cyryo invalid in math mode on input line 20.


! LaTeX Error: Command \cyryo unavailable in encoding OT1.

See the LaTeX manual or LaTeX Companion for explanation.
Type  H <return>  for immediate help.
 ...                                              
                                                  
l.20 ...—è–µ—Ç –∫–æ–ª–∏—á–µ—Å—Ç–≤–æ –ø—Ä–æ–∂–∏—Ç–∏
                                                  —Ö –≤–∞–º–∏ –¥–Ω–µ–π.
Your command was ignored.
Type  I <command> <return>  to replace it with another command,
or  <return>  to continue without it.


LaTeX Warning: Command \CYRS invalid in math mode on input line 20.


! LaTeX Error: Command \CYRS unavailable in encoding OT1.

See the LaTeX manual or LaTeX Companion for explanation.
Type  H <return>  for immediate help.
 ...                                              
                                                  
l.20 ...è–µ—Ç –∫–æ–ª–∏—á–µ—Å—Ç–≤–æ –ø—Ä–æ–∂–∏—Ç–∏—
                                                  Ö –≤–∞–º–∏ –¥–Ω–µ–π.
Your command was ignored.
Type  I <command> <return>  to replace it with another command,
or  <return>  to continue without it.


LaTeX Warning: Command \CYRR invalid in math mode on input line 20.


! LaTeX Error: Command \CYRR unavailable in encoding OT1.

See the LaTeX manual or LaTeX Companion for explanation.
Type  H <return>  for immediate help.
 ...                                              
                                                  
l.20 ...—Ç –∫–æ–ª–∏—á–µ—Å—Ç–≤–æ –ø—Ä–æ–∂–∏—Ç–∏—Ö –
                                                  ≤–∞–º–∏ –¥–Ω–µ–π.
Your command was ignored.
Type  I <command> <return>  to replace it with another command,
or  <return>  to continue without it.


LaTeX Warning: Command \CYRII invalid in math mode on input line 20.


! LaTeX Error: Command \CYRII unavailable in encoding OT1.

See the LaTeX manual or LaTeX Companion for explanation.
Type  H <return>  for immediate help.
 ...                                              
                                                  
l.20 ...Ç –∫–æ–ª–∏—á–µ—Å—Ç–≤–æ –ø—Ä–æ–∂–∏—Ç–∏—Ö –≤
                                                  –∞–º–∏ –¥–Ω–µ–π.
Your command was ignored.
Type  I <command> <return>  to replace it with another command,
or  <return>  to continue without it.


LaTeX Warning: Command \CYRR invalid in math mode on input line 20.


! LaTeX Error: Command \CYRR unavailable in encoding OT1.

See the LaTeX manual or LaTeX Companion for explanation.
Type  H <return>  for immediate help.
 ...                                              
                                                  
l.20 ... –∫–æ–ª–∏—á–µ—Å—Ç–≤–æ –ø—Ä–æ–∂–∏—Ç–∏—Ö –≤–
                                                  ∞–º–∏ –¥–Ω–µ–π.
Your command was ignored.
Type  I <command> <return>  to replace it with another command,
or  <return>  to continue without it.


LaTeX Warning: Command \textdegree invalid in math mode on input line 20.


LaTeX Warning: Command \CYRR invalid in math mode on input line 20.


! LaTeX Error: Command \CYRR unavailable in encoding OT1.

See the LaTeX manual or LaTeX Companion for explanation.
Type  H <return>  for immediate help.
 ...                                              
                                                  
l.20 ...∫–æ–ª–∏—á–µ—Å—Ç–≤–æ –ø—Ä–æ–∂–∏—Ç–∏—Ö –≤–∞–
                                                  º–∏ –¥–Ω–µ–π.
Your command was ignored.
Type  I <command> <return>  to replace it with another command,
or  <return>  to continue without it.


LaTeX Warning: Command \cyrje invalid in math mode on input line 20.


! LaTeX Error: Command \cyrje unavailable in encoding OT1.

See the LaTeX manual or LaTeX Companion for explanation.
Type  H <return>  for immediate help.
 ...                                              
                                                  
l.20 ...–æ–ª–∏—á–µ—Å—Ç–≤–æ –ø—Ä–æ–∂–∏—Ç–∏—Ö –≤–∞–º
                                                  –∏ –¥–Ω–µ–π.
Your command was ignored.
Type  I <command> <return>  to replace it with another command,
or  <return>  to continue without it.


LaTeX Warning: Command \CYRR invalid in math mode on input line 20.


! LaTeX Error: Command \CYRR unavailable in encoding OT1.

See the LaTeX manual or LaTeX Companion for explanation.
Type  H <return>  for immediate help.
 ...                                              
                                                  
l.20 ...æ–ª–∏—á–µ—Å—Ç–≤–æ –ø—Ä–æ–∂–∏—Ç–∏—Ö –≤–∞–º–
                                                  ∏ –¥–Ω–µ–π.
Your command was ignored.
Type  I <command> <return>  to replace it with another command,
or  <return>  to continue without it.


LaTeX Warning: Command \cyryo invalid in math mode on input line 20.


! LaTeX Error: Command \cyryo unavailable in encoding OT1.

See the LaTeX manual or LaTeX Companion for explanation.
Type  H <return>  for immediate help.
 ...                                              
                                                  
l.20 ...–ª–∏—á–µ—Å—Ç–≤–æ –ø—Ä–æ–∂–∏—Ç–∏—Ö –≤–∞–º–∏
                                                   –¥–Ω–µ–π.
Your command was ignored.
Type  I <command> <return>  to replace it with another command,
or  <return>  to continue without it.


LaTeX Warning: Command \CYRR invalid in math mode on input line 20.


! LaTeX Error: Command \CYRR unavailable in encoding OT1.

See the LaTeX manual or LaTeX Companion for explanation.
Type  H <return>  for immediate help.
 ...                                              
                                                  
l.20 ...–∏—á–µ—Å—Ç–≤–æ –ø—Ä–æ–∂–∏—Ç–∏—Ö –≤–∞–º–∏ –
                                                  ¥–Ω–µ–π.
Your command was ignored.
Type  I <command> <return>  to replace it with another command,
or  <return>  to continue without it.


LaTeX Warning: Command \cyrgup invalid in math mode on input line 20.


! LaTeX Error: Command \cyrgup unavailable in encoding OT1.

See the LaTeX manual or LaTeX Companion for explanation.
Type  H <return>  for immediate help.
 ...                                              
                                                  
l.20 ...∏—á–µ—Å—Ç–≤–æ –ø—Ä–æ–∂–∏—Ç–∏—Ö –≤–∞–º–∏ –¥
                                                  –Ω–µ–π.
Your command was ignored.
Type  I <command> <return>  to replace it with another command,
or  <return>  to continue without it.


LaTeX Warning: Command \CYRR invalid in math mode on input line 20.


! LaTeX Error: Command \CYRR unavailable in encoding OT1.

See the LaTeX manual or LaTeX Companion for explanation.
Type  H <return>  for immediate help.
 ...                                              
                                                  
l.20 ...—á–µ—Å—Ç–≤–æ –ø—Ä–æ–∂–∏—Ç–∏—Ö –≤–∞–º–∏ –¥–
                                                  Ω–µ–π.
Your command was ignored.
Type  I <command> <return>  to replace it with another command,
or  <return>  to continue without it.


LaTeX Warning: Command \CYRDZE invalid in math mode on input line 20.


! LaTeX Error: Command \CYRDZE unavailable in encoding OT1.

See the LaTeX manual or LaTeX Companion for explanation.
Type  H <return>  for immediate help.
 ...                                              
                                                  
l.20 ...á–µ—Å—Ç–≤–æ –ø—Ä–æ–∂–∏—Ç–∏—Ö –≤–∞–º–∏ –¥–Ω
                                                  –µ–π.
Your command was ignored.
Type  I <command> <return>  to replace it with another command,
or  <return>  to continue without it.


LaTeX Warning: Command \CYRR invalid in math mode on input line 20.


! LaTeX Error: Command \CYRR unavailable in encoding OT1.

See the LaTeX manual or LaTeX Companion for explanation.
Type  H <return>  for immediate help.
 ...                                              
                                                  
l.20 ...–µ—Å—Ç–≤–æ –ø—Ä–æ–∂–∏—Ç–∏—Ö –≤–∞–º–∏ –¥–Ω–
                                                  µ–π.
Your command was ignored.
Type  I <command> <return>  to replace it with another command,
or  <return>  to continue without it.


LaTeX Warning: Command \CYRR invalid in math mode on input line 20.


! LaTeX Error: Command \CYRR unavailable in encoding OT1.

See the LaTeX manual or LaTeX Companion for explanation.
Type  H <return>  for immediate help.
 ...                                              
                                                  
l.20 ...—Å—Ç–≤–æ –ø—Ä–æ–∂–∏—Ç–∏—Ö –≤–∞–º–∏ –¥–Ω–µ–
                                                  π.
Your command was ignored.
Type  I <command> <return>  to replace it with another command,
or  <return>  to continue without it.


LaTeX Warning: Command \textnumero invalid in math mode on input line 20.


! LaTeX Error: Command \textnumero unavailable in encoding OT1.

See the LaTeX manual or LaTeX Companion for explanation.
Type  H <return>  for immediate help.
 ...                                              
                                                  
l.20 ...Å—Ç–≤–æ –ø—Ä–æ–∂–∏—Ç–∏—Ö –≤–∞–º–∏ –¥–Ω–µ–π
                                                  .
Your command was ignored.
Type  I <command> <return>  to replace it with another command,
or  <return>  to continue without it.

! Missing $ inserted.
<inserted text> 
                $
l.21 ...t, numbersep=2pt]{ConsoleApplication4.cpp}
                                                  
I've inserted a begin-math/end-math symbol since I think
you left one out. Proceed, with fingers crossed.

! Missing \endgroup inserted.
<inserted text> 
                \endgroup 
l.21 ...t, numbersep=2pt]{ConsoleApplication4.cpp}
                                                  
I've inserted something that you may have forgotten.
(See the <inserted text> above.)
With luck, this will get me unwedged. But if you
really didn't forget anything, try typing `2' now; then
my insertion and my current dilemma will both disappear.

! Missing } inserted.
<inserted text> 
                }
l.21 ...t, numbersep=2pt]{ConsoleApplication4.cpp}
                                                  
I've inserted something that you may have forgotten.
(See the <inserted text> above.)
With luck, this will get me unwedged. But if you
really didn't forget anything, try typing `2' now; then
my insertion and my current dilemma will both disappear.

Missing character: There is no — in font cmr10!
Missing character: There is no – in font cmr10!
Missing character: There is no π in font cmr10!
Missing character: There is no – in font cmr10!
Missing character: There is no Ø in font cmr10!
Missing character: There is no – in font cmr10!
Missing character: There is no ø in font cmr10!
Missing character: There is no – in font cmr10!
Missing character: There is no º in font cmr10!
Missing character: There is no — in font cmr10!
Missing character: There is no – in font cmr10!
Missing character: There is no — in font cmr10!
Missing character: There is no √ in font cmr10!
Missing character: There is no Á in font cmex10!
Missing character: There is no — in font cmr10!

Overfull \hbox (17.6349pt too wide) in paragraph at lines 20--21
[]\T2A/cmr/m/n/10 ––$[]$–è–è–$[]$—ñ –®—Ç–Ø–i—Ç–$[]$–j–j–$[]$ –I—[]—\OMS/cmsy/m
/n/10 z\T2A/cmr/m/n/10 –º—[]√–ø—ñ–$\OML/cmm/m/it/10 [][][]$ 
 []

LaTeX Font Info:    Try loading font information for T2A+cmtt on input line 21.


("C:\Users\–ü–æ–ª—å–∑–æ–≤–∞—Ç–µ–ª—å\AppData\Local\Programs\MiKTeX 2.9\tex\latex
\cyrillic\t2acmtt.fd"
File: t2acmtt.fd 2001/08/11 v1.0a Computer Modern Cyrillic font definitions
)
! Extra \endgroup.
\FV@EndList ...EndListFrame \@endparenv \endgroup 
                                                  \@endpetrue 
l.21 ...t, numbersep=2pt]{ConsoleApplication4.cpp}
                                                  
Things are pretty mixed up, but I think the worst is over.

)
! Emergency stop.
<*> ./task9.tex
               
*** (job aborted, no legal \end found)

 
Here is how much of TeX's memory you used:
 10798 strings out of 493305
 153474 string characters out of 3121537
 223852 words of memory out of 3000000
 14243 multiletter control sequences out of 15000+200000
 6446 words of font info for 24 fonts, out of 3000000 for 9000
 1141 hyphenation exceptions out of 8191
 28i,3n,26p,232b,98s stack positions out of 5000i,500n,10000p,200000b,50000s
!  ==> Fatal error occurred, no output PDF file produced!
